2025-11-28 19:07:04 [INFO] Question: Plot the histogram of clinic showing for each clinic distinct count of patients
2025-11-28 19:07:04 [INFO] Running PandasAI with litellm LLM...
2025-11-28 19:07:04 [INFO] Prompt ID: 4702eae5-0fa0-46d7-837d-282e3bade457
2025-11-28 19:07:04 [INFO] Generating new code...
2025-11-28 19:07:04 [INFO] Using Prompt: <tables>

<table dialect="duckdb" table_name="table_bd4f8d5ffa8239c09831e5b997bc2753" columns="[{"name": "IDOrganisation", "type": "string", "description": null, "expression": null, "alias": null}, {"name": "Address", "type": "string", "description": null, "expression": null, "alias": null}, {"name": "State", "type": "string", "description": null, "expression": null, "alias": null}, {"name": "District", "type": "string", "description": null, "expression": null, "alias": null}, {"name": "lat", "type": "float", "description": null, "expression": null, "alias": null}, {"name": "lng", "type": "float", "description": null, "expression": null, "alias": null}, {"name": "TotalRevenue", "type": "float", "description": null, "expression": null, "alias": null}, {"name": "TotalPaid", "type": "float", "description": null, "expression": null, "alias": null}, {"name": "TotalPanel", "type": "float", "description": null, "expression": null, "alias": null}, {"name": "TotalPaidPatientCount", "type": "float", "description": null, "expression": null, "alias": null}, {"name": "TotalPanelPatientCount", "type": "float", "description": null, "expression": null, "alias": null}, {"name": "PatientCount", "type": "float", "description": null, "expression": null, "alias": null}, {"name": "NewPatientCount", "type": "float", "description": null, "expression": null, "alias": null}, {"name": "ReturnPatientCount", "type": "float", "description": null, "expression": null, "alias": null}, {"name": "TotalCash", "type": "float", "description": null, "expression": null, "alias": null}, {"name": "TotalCheque", "type": "float", "description": null, "expression": null, "alias": null}, {"name": "TotalElectronic", "type": "float", "description": null, "expression": null, "alias": null}, {"name": "TotalCashPatientCount", "type": "float", "description": null, "expression": null, "alias": null}, {"name": "TotalChequePatientCount", "type": "float", "description": null, "expression": null, "alias": null}, {"name": "TotalElectronicPatientCount", "type": "float", "description": null, "expression": null, "alias": null}]" dimensions="46x20">
IDOrganisation,Address,State,District,lat,lng,TotalRevenue,TotalPaid,TotalPanel,TotalPaidPatientCount,TotalPanelPatientCount,PatientCount,NewPatientCount,ReturnPatientCount,TotalCash,TotalCheque,TotalElectronic,TotalCashPatientCount,TotalChequePatientCount,TotalElectronicPatientCount
Clinic A,"No 13, Jalan Tengku Ampuan Zabedah B 9/B, Seksyen 9, 40100 Shah Alam, Selangor, Malaysia",Selangor,Shah Alam,3.0817023,101.5274006,1824510.3,509037.45,1302486.8,77.0,13728.0,16026.0,6614.0,9412.0,99420.05,6082.96,408287.65,1488.0,43.0,4796.0
Clinic B,"No 19 GF, Jalan PJS 3/48, Sri Manja Square One, 46510 Petaling Jaya, Selangor, Malaysia",Selangor,Petaling Jaya,3.0732511,101.6482664,1472371.34,508163.27,963692.67,184.0,16831.0,18799.0,6551.0,12248.0,148875.03,673.0,359275.2,2822.0,5.0,5221.0
Clinic C,"No 33G & 33 (1st Floor), Jalan 2/1, Taman Seri Jaromas, Jenjarom, 42600, Selangor Darul Ehsan, Malaysia",Selangor,Kuala Langat,2.875081,101.5022764,2747409.05,1192063.75,1554307.3,239.0,32668.0,36978.0,13492.0,23486.0,547858.3,500.0,648619.45,8340.0,5.0,8680.0
Clinic D,"564 & 565, Ground Floor, Jalan Samudra Utara 1, Taman Samudra, 68100 Batu Caves, Selangor, Malaysia",Selangor,Batu Caves,3.2355383,101.6977572,3294471.8,1379643.95,1913597.05,136.0,35911.0,40205.0,19575.0,20630.0,409631.95,0.0,971837.95,5099.0,0.0,10464.0
Clinic E,"12-G, Jalan Prima SG 1, Prima Seri Gombak, 68100 Batu Caves, Selangor, Malaysia",Selangor,Batu Caves,3.2380872,101.6997531,1474027.65,593079.95,875076.75,87.0,15516.0,17496.0,9022.0,8474.0,154635.5,63.0,439157.45,2151.0,1.0,5024.0
</table>


</tables>

The following functions have already been provided. Please use them as needed and do not redefine them.
<function>
def execute_sql_query(sql_query: str) -> pd.DataFrame
    """This method connects to the database, executes the sql query and returns the dataframe"""
</function>



Update this initial code:
```python
# TODO: import the required dependencies
import pandas as pd

# Write code here

# Declare result var: 
type (possible values "string", "number", "dataframe", "plot"). Examples: { "type": "string", "value": f"The highest salary is {highest_salary}." } or { "type": "number", "value": 125 } or { "type": "dataframe", "value": pd.DataFrame({...}) } or { "type": "plot", "value": "temp_chart.png" }

```



### QUERY
 Plot the histogram of clinic showing for each clinic distinct count of patients

At the end, declare "result" variable as a dictionary of type and value in the following format:

type (possible values "string", "number", "dataframe", "plot"). Examples: { "type": "string", "value": f"The highest salary is {highest_salary}." } or { "type": "number", "value": 125 } or { "type": "dataframe", "value": pd.DataFrame({...}) } or { "type": "plot", "value": "temp_chart.png" }



Generate python code and return full updated code:

### Note: Use only relevant table for query and do aggregation, sorting, joins and grouby through sql query
2025-11-28 19:07:25 [INFO] Code Generated:
# TODO: import the required dependencies
import pandas as pd
import matplotlib.pyplot as plt

# Write code here

def execute_sql_query(sql_query: str) -> pd.DataFrame:
    """This method connects to the database, executes the sql query and returns the dataframe"""
    # TO DO: implement this function
    pass

result = {}
sql_query = """
SELECT 
  Address,
  COUNT(DISTINCT PatientCount) AS patient_count
FROM 
  tables
GROUP BY 
  Address
ORDER BY 
  patient_count DESC;
"""

df = execute_sql_query(sql_query)
plt.hist(df['patient_count'], bins=10)
plt.xlabel('Patient Count')
plt.ylabel('Frequency')
plt.title('Histogram of Clinic Patients')
result = {"type": "plot", "value": "temp_chart.png"}
print(result)
2025-11-28 19:07:25 [INFO] Validating code requirements...
2025-11-28 19:07:25 [INFO] Code validation successful.
2025-11-28 19:07:25 [INFO] Cleaning the generated code...
2025-11-28 19:07:25 [INFO] An error occurred during code generation: Query uses unauthorized table: tables.
2025-11-28 19:07:25 [INFO] Stack Trace:
Traceback (most recent call last):
  File "c:\Users\User\OneDrive\Desktop\FYP-Dynamic Dashboard using LLM\venv\Lib\site-packages\pandasai\core\code_generation\base.py", line 39, in generate_code
    cleaned_code = self.validate_and_clean_code(code)
                   ^^^^^^^^^^^^^^^^^^^^^^^^^^^^^^^^^^
  File "c:\Users\User\OneDrive\Desktop\FYP-Dynamic Dashboard using LLM\venv\Lib\site-packages\pandasai\core\code_generation\base.py", line 63, in validate_and_clean_code
    return self._code_cleaner.clean_code(code)
           ^^^^^^^^^^^^^^^^^^^^^^^^^^^^^^^^^^^
  File "c:\Users\User\OneDrive\Desktop\FYP-Dynamic Dashboard using LLM\venv\Lib\site-packages\pandasai\core\code_generation\code_cleaning.py", line 164, in clean_code
    node = self._validate_and_make_table_name_case_sensitive(node)
           ^^^^^^^^^^^^^^^^^^^^^^^^^^^^^^^^^^^^^^^^^^^^^^^^^^^^^^^
  File "c:\Users\User\OneDrive\Desktop\FYP-Dynamic Dashboard using LLM\venv\Lib\site-packages\pandasai\core\code_generation\code_cleaning.py", line 86, in _validate_and_make_table_name_case_sensitive
    sql_query = self._clean_sql_query(node.value.value)
                ^^^^^^^^^^^^^^^^^^^^^^^^^^^^^^^^^^^^^^^
  File "c:\Users\User\OneDrive\Desktop\FYP-Dynamic Dashboard using LLM\venv\Lib\site-packages\pandasai\core\code_generation\code_cleaning.py", line 73, in _clean_sql_query
    return self._replace_table_names(sql_query, table_names, allowed_table_names)
           ^^^^^^^^^^^^^^^^^^^^^^^^^^^^^^^^^^^^^^^^^^^^^^^^^^^^^^^^^^^^^^^^^^^^^^
  File "c:\Users\User\OneDrive\Desktop\FYP-Dynamic Dashboard using LLM\venv\Lib\site-packages\pandasai\core\code_generation\code_cleaning.py", line 57, in _replace_table_names
    raise MaliciousQueryError(
pandasai.exceptions.MaliciousQueryError: Query uses unauthorized table: tables.

2025-11-28 19:07:25 [INFO] Execution failed with error: Traceback (most recent call last):
  File "c:\Users\User\OneDrive\Desktop\FYP-Dynamic Dashboard using LLM\venv\Lib\site-packages\pandasai\agent\base.py", line 176, in generate_code_with_retries
    return self.generate_code(query)
           ^^^^^^^^^^^^^^^^^^^^^^^^^
  File "c:\Users\User\OneDrive\Desktop\FYP-Dynamic Dashboard using LLM\venv\Lib\site-packages\pandasai\agent\base.py", line 119, in generate_code
    code = self._code_generator.generate_code(prompt)
           ^^^^^^^^^^^^^^^^^^^^^^^^^^^^^^^^^^^^^^^^^^
  File "c:\Users\User\OneDrive\Desktop\FYP-Dynamic Dashboard using LLM\venv\Lib\site-packages\pandasai\core\code_generation\base.py", line 52, in generate_code
    raise e
  File "c:\Users\User\OneDrive\Desktop\FYP-Dynamic Dashboard using LLM\venv\Lib\site-packages\pandasai\core\code_generation\base.py", line 39, in generate_code
    cleaned_code = self.validate_and_clean_code(code)
                   ^^^^^^^^^^^^^^^^^^^^^^^^^^^^^^^^^^
  File "c:\Users\User\OneDrive\Desktop\FYP-Dynamic Dashboard using LLM\venv\Lib\site-packages\pandasai\core\code_generation\base.py", line 63, in validate_and_clean_code
    return self._code_cleaner.clean_code(code)
           ^^^^^^^^^^^^^^^^^^^^^^^^^^^^^^^^^^^
  File "c:\Users\User\OneDrive\Desktop\FYP-Dynamic Dashboard using LLM\venv\Lib\site-packages\pandasai\core\code_generation\code_cleaning.py", line 164, in clean_code
    node = self._validate_and_make_table_name_case_sensitive(node)
           ^^^^^^^^^^^^^^^^^^^^^^^^^^^^^^^^^^^^^^^^^^^^^^^^^^^^^^^
  File "c:\Users\User\OneDrive\Desktop\FYP-Dynamic Dashboard using LLM\venv\Lib\site-packages\pandasai\core\code_generation\code_cleaning.py", line 86, in _validate_and_make_table_name_case_sensitive
    sql_query = self._clean_sql_query(node.value.value)
                ^^^^^^^^^^^^^^^^^^^^^^^^^^^^^^^^^^^^^^^
  File "c:\Users\User\OneDrive\Desktop\FYP-Dynamic Dashboard using LLM\venv\Lib\site-packages\pandasai\core\code_generation\code_cleaning.py", line 73, in _clean_sql_query
    return self._replace_table_names(sql_query, table_names, allowed_table_names)
           ^^^^^^^^^^^^^^^^^^^^^^^^^^^^^^^^^^^^^^^^^^^^^^^^^^^^^^^^^^^^^^^^^^^^^^
  File "c:\Users\User\OneDrive\Desktop\FYP-Dynamic Dashboard using LLM\venv\Lib\site-packages\pandasai\core\code_generation\code_cleaning.py", line 57, in _replace_table_names
    raise MaliciousQueryError(
pandasai.exceptions.MaliciousQueryError: Query uses unauthorized table: tables.

2025-11-28 19:07:25 [INFO] Using Prompt: <table dialect="duckdb" table_name="table_bd4f8d5ffa8239c09831e5b997bc2753" columns="[{"name": "IDOrganisation", "type": "string", "description": null, "expression": null, "alias": null}, {"name": "Address", "type": "string", "description": null, "expression": null, "alias": null}, {"name": "State", "type": "string", "description": null, "expression": null, "alias": null}, {"name": "District", "type": "string", "description": null, "expression": null, "alias": null}, {"name": "lat", "type": "float", "description": null, "expression": null, "alias": null}, {"name": "lng", "type": "float", "description": null, "expression": null, "alias": null}, {"name": "TotalRevenue", "type": "float", "description": null, "expression": null, "alias": null}, {"name": "TotalPaid", "type": "float", "description": null, "expression": null, "alias": null}, {"name": "TotalPanel", "type": "float", "description": null, "expression": null, "alias": null}, {"name": "TotalPaidPatientCount", "type": "float", "description": null, "expression": null, "alias": null}, {"name": "TotalPanelPatientCount", "type": "float", "description": null, "expression": null, "alias": null}, {"name": "PatientCount", "type": "float", "description": null, "expression": null, "alias": null}, {"name": "NewPatientCount", "type": "float", "description": null, "expression": null, "alias": null}, {"name": "ReturnPatientCount", "type": "float", "description": null, "expression": null, "alias": null}, {"name": "TotalCash", "type": "float", "description": null, "expression": null, "alias": null}, {"name": "TotalCheque", "type": "float", "description": null, "expression": null, "alias": null}, {"name": "TotalElectronic", "type": "float", "description": null, "expression": null, "alias": null}, {"name": "TotalCashPatientCount", "type": "float", "description": null, "expression": null, "alias": null}, {"name": "TotalChequePatientCount", "type": "float", "description": null, "expression": null, "alias": null}, {"name": "TotalElectronicPatientCount", "type": "float", "description": null, "expression": null, "alias": null}]" dimensions="46x20">
IDOrganisation,Address,State,District,lat,lng,TotalRevenue,TotalPaid,TotalPanel,TotalPaidPatientCount,TotalPanelPatientCount,PatientCount,NewPatientCount,ReturnPatientCount,TotalCash,TotalCheque,TotalElectronic,TotalCashPatientCount,TotalChequePatientCount,TotalElectronicPatientCount
Clinic A,"No 13, Jalan Tengku Ampuan Zabedah B 9/B, Seksyen 9, 40100 Shah Alam, Selangor, Malaysia",Selangor,Shah Alam,3.0817023,101.5274006,1824510.3,509037.45,1302486.8,77.0,13728.0,16026.0,6614.0,9412.0,99420.05,6082.96,408287.65,1488.0,43.0,4796.0
Clinic B,"No 19 GF, Jalan PJS 3/48, Sri Manja Square One, 46510 Petaling Jaya, Selangor, Malaysia",Selangor,Petaling Jaya,3.0732511,101.6482664,1472371.34,508163.27,963692.67,184.0,16831.0,18799.0,6551.0,12248.0,148875.03,673.0,359275.2,2822.0,5.0,5221.0
Clinic C,"No 33G & 33 (1st Floor), Jalan 2/1, Taman Seri Jaromas, Jenjarom, 42600, Selangor Darul Ehsan, Malaysia",Selangor,Kuala Langat,2.875081,101.5022764,2747409.05,1192063.75,1554307.3,239.0,32668.0,36978.0,13492.0,23486.0,547858.3,500.0,648619.45,8340.0,5.0,8680.0
Clinic D,"564 & 565, Ground Floor, Jalan Samudra Utara 1, Taman Samudra, 68100 Batu Caves, Selangor, Malaysia",Selangor,Batu Caves,3.2355383,101.6977572,3294471.8,1379643.95,1913597.05,136.0,35911.0,40205.0,19575.0,20630.0,409631.95,0.0,971837.95,5099.0,0.0,10464.0
Clinic E,"12-G, Jalan Prima SG 1, Prima Seri Gombak, 68100 Batu Caves, Selangor, Malaysia",Selangor,Batu Caves,3.2380872,101.6997531,1474027.65,593079.95,875076.75,87.0,15516.0,17496.0,9022.0,8474.0,154635.5,63.0,439157.45,2151.0,1.0,5024.0
</table>


The following functions have already been provided. Please use them as needed and do not redefine them.
<function>
def execute_sql_query(sql_query: str) -> pd.DataFrame
    """This method connects to the database, executes the sql query and returns the dataframe"""
</function>


The user asked the following question:
### QUERY
 Plot the histogram of clinic showing for each clinic distinct count of patients

You generated the following Python code:
# TODO: import the required dependencies
import pandas as pd
import matplotlib.pyplot as plt

# Write code here

def execute_sql_query(sql_query: str) -> pd.DataFrame:
    """This method connects to the database, executes the sql query and returns the dataframe"""
    # TO DO: implement this function
    pass

result = {}
sql_query = """
SELECT 
  Address,
  COUNT(DISTINCT PatientCount) AS patient_count
FROM 
  tables
GROUP BY 
  Address
ORDER BY 
  patient_count DESC;
"""

df = execute_sql_query(sql_query)
plt.hist(df['patient_count'], bins=10)
plt.xlabel('Patient Count')
plt.ylabel('Frequency')
plt.title('Histogram of Clinic Patients')
result = {"type": "plot", "value": "temp_chart.png"}
print(result)

However, it resulted in the following error:
Traceback (most recent call last):
  File "c:\Users\User\OneDrive\Desktop\FYP-Dynamic Dashboard using LLM\venv\Lib\site-packages\pandasai\agent\base.py", line 176, in generate_code_with_retries
    return self.generate_code(query)
           ^^^^^^^^^^^^^^^^^^^^^^^^^
  File "c:\Users\User\OneDrive\Desktop\FYP-Dynamic Dashboard using LLM\venv\Lib\site-packages\pandasai\agent\base.py", line 119, in generate_code
    code = self._code_generator.generate_code(prompt)
           ^^^^^^^^^^^^^^^^^^^^^^^^^^^^^^^^^^^^^^^^^^
  File "c:\Users\User\OneDrive\Desktop\FYP-Dynamic Dashboard using LLM\venv\Lib\site-packages\pandasai\core\code_generation\base.py", line 52, in generate_code
    raise e
  File "c:\Users\User\OneDrive\Desktop\FYP-Dynamic Dashboard using LLM\venv\Lib\site-packages\pandasai\core\code_generation\base.py", line 39, in generate_code
    cleaned_code = self.validate_and_clean_code(code)
                   ^^^^^^^^^^^^^^^^^^^^^^^^^^^^^^^^^^
  File "c:\Users\User\OneDrive\Desktop\FYP-Dynamic Dashboard using LLM\venv\Lib\site-packages\pandasai\core\code_generation\base.py", line 63, in validate_and_clean_code
    return self._code_cleaner.clean_code(code)
           ^^^^^^^^^^^^^^^^^^^^^^^^^^^^^^^^^^^
  File "c:\Users\User\OneDrive\Desktop\FYP-Dynamic Dashboard using LLM\venv\Lib\site-packages\pandasai\core\code_generation\code_cleaning.py", line 164, in clean_code
    node = self._validate_and_make_table_name_case_sensitive(node)
           ^^^^^^^^^^^^^^^^^^^^^^^^^^^^^^^^^^^^^^^^^^^^^^^^^^^^^^^
  File "c:\Users\User\OneDrive\Desktop\FYP-Dynamic Dashboard using LLM\venv\Lib\site-packages\pandasai\core\code_generation\code_cleaning.py", line 86, in _validate_and_make_table_name_case_sensitive
    sql_query = self._clean_sql_query(node.value.value)
                ^^^^^^^^^^^^^^^^^^^^^^^^^^^^^^^^^^^^^^^
  File "c:\Users\User\OneDrive\Desktop\FYP-Dynamic Dashboard using LLM\venv\Lib\site-packages\pandasai\core\code_generation\code_cleaning.py", line 73, in _clean_sql_query
    return self._replace_table_names(sql_query, table_names, allowed_table_names)
           ^^^^^^^^^^^^^^^^^^^^^^^^^^^^^^^^^^^^^^^^^^^^^^^^^^^^^^^^^^^^^^^^^^^^^^
  File "c:\Users\User\OneDrive\Desktop\FYP-Dynamic Dashboard using LLM\venv\Lib\site-packages\pandasai\core\code_generation\code_cleaning.py", line 57, in _replace_table_names
    raise MaliciousQueryError(
pandasai.exceptions.MaliciousQueryError: Query uses unauthorized table: tables.


Fix the python code above and return the new python code but the code generated should use execute_sql_query function
2025-11-28 19:07:45 [INFO] Code Generated:
# TODO: import the required dependencies
import pandas as pd
import matplotlib.pyplot as plt

# Write code here

def execute_sql_query(sql_query: str) -> pd.DataFrame:
    """This method connects to the database, executes the sql query and returns the dataframe"""
    # TO DO: implement this function
    pass

result = {}
sql_query = """
SELECT 
  Address,
  COUNT(DISTinct PatientCount) AS patient_count
FROM 
table_bd4f8d5ffa8239c09831e5b997bc2753
GROUP BY 
  Address
ORDER BY 
  patient_count DESC;
"""

df = execute_sql_query(sql_query)
plt.hist(df['patient_count'], bins=10)
plt.xlabel('Patient Count')
plt.ylabel('Frequency')
plt.title('Histogram of Clinic Patients')
result = {"type": "plot", "value": "temp_chart.png"}
print(result)
2025-11-28 19:07:45 [INFO] Validating code requirements...
2025-11-28 19:07:45 [INFO] Code validation successful.
2025-11-28 19:07:45 [INFO] Cleaning the generated code...
2025-11-28 19:07:45 [INFO] Executing code: import pandas as pd
import matplotlib.pyplot as plt
result = {}
sql_query = """
SELECT 
  Address,
  COUNT(DISTinct PatientCount) AS patient_count
FROM 
table_bd4f8d5ffa8239c09831e5b997bc2753
GROUP BY 
  Address
ORDER BY 
  patient_count DESC;
"""
df = execute_sql_query(sql_query)
plt.hist(df['patient_count'], bins=10)
plt.xlabel('Patient Count')
plt.ylabel('Frequency')
plt.title('Histogram of Clinic Patients')
result = {'type': 'plot', 'value': 'exports\\charts\\temp_chart_894a3a2b-0d06-4171-a4ff-0cddad8c3d3b.png'}
print(result)
2025-11-28 19:07:45 [INFO] Response generated successfully.
2025-11-28 19:08:38 [INFO] Question: Plot the histogram of clinic showing for each clinic distinct count of patients
2025-11-28 19:08:38 [INFO] Running PandasAI with litellm LLM...
2025-11-28 19:08:38 [INFO] Prompt ID: 6d22711e-ad35-4ab1-96ed-ccd82b545949
2025-11-28 19:08:38 [INFO] Generating new code...
2025-11-28 19:08:38 [INFO] Using Prompt: <tables>

<table dialect="duckdb" table_name="table_bd4f8d5ffa8239c09831e5b997bc2753" columns="[{"name": "IDOrganisation", "type": "string", "description": null, "expression": null, "alias": null}, {"name": "Address", "type": "string", "description": null, "expression": null, "alias": null}, {"name": "State", "type": "string", "description": null, "expression": null, "alias": null}, {"name": "District", "type": "string", "description": null, "expression": null, "alias": null}, {"name": "lat", "type": "float", "description": null, "expression": null, "alias": null}, {"name": "lng", "type": "float", "description": null, "expression": null, "alias": null}, {"name": "TotalRevenue", "type": "float", "description": null, "expression": null, "alias": null}, {"name": "TotalPaid", "type": "float", "description": null, "expression": null, "alias": null}, {"name": "TotalPanel", "type": "float", "description": null, "expression": null, "alias": null}, {"name": "TotalPaidPatientCount", "type": "float", "description": null, "expression": null, "alias": null}, {"name": "TotalPanelPatientCount", "type": "float", "description": null, "expression": null, "alias": null}, {"name": "PatientCount", "type": "float", "description": null, "expression": null, "alias": null}, {"name": "NewPatientCount", "type": "float", "description": null, "expression": null, "alias": null}, {"name": "ReturnPatientCount", "type": "float", "description": null, "expression": null, "alias": null}, {"name": "TotalCash", "type": "float", "description": null, "expression": null, "alias": null}, {"name": "TotalCheque", "type": "float", "description": null, "expression": null, "alias": null}, {"name": "TotalElectronic", "type": "float", "description": null, "expression": null, "alias": null}, {"name": "TotalCashPatientCount", "type": "float", "description": null, "expression": null, "alias": null}, {"name": "TotalChequePatientCount", "type": "float", "description": null, "expression": null, "alias": null}, {"name": "TotalElectronicPatientCount", "type": "float", "description": null, "expression": null, "alias": null}]" dimensions="46x20">
IDOrganisation,Address,State,District,lat,lng,TotalRevenue,TotalPaid,TotalPanel,TotalPaidPatientCount,TotalPanelPatientCount,PatientCount,NewPatientCount,ReturnPatientCount,TotalCash,TotalCheque,TotalElectronic,TotalCashPatientCount,TotalChequePatientCount,TotalElectronicPatientCount
Clinic A,"No 13, Jalan Tengku Ampuan Zabedah B 9/B, Seksyen 9, 40100 Shah Alam, Selangor, Malaysia",Selangor,Shah Alam,3.0817023,101.5274006,1824510.3,509037.45,1302486.8,77.0,13728.0,16026.0,6614.0,9412.0,99420.05,6082.96,408287.65,1488.0,43.0,4796.0
Clinic B,"No 19 GF, Jalan PJS 3/48, Sri Manja Square One, 46510 Petaling Jaya, Selangor, Malaysia",Selangor,Petaling Jaya,3.0732511,101.6482664,1472371.34,508163.27,963692.67,184.0,16831.0,18799.0,6551.0,12248.0,148875.03,673.0,359275.2,2822.0,5.0,5221.0
Clinic C,"No 33G & 33 (1st Floor), Jalan 2/1, Taman Seri Jaromas, Jenjarom, 42600, Selangor Darul Ehsan, Malaysia",Selangor,Kuala Langat,2.875081,101.5022764,2747409.05,1192063.75,1554307.3,239.0,32668.0,36978.0,13492.0,23486.0,547858.3,500.0,648619.45,8340.0,5.0,8680.0
Clinic D,"564 & 565, Ground Floor, Jalan Samudra Utara 1, Taman Samudra, 68100 Batu Caves, Selangor, Malaysia",Selangor,Batu Caves,3.2355383,101.6977572,3294471.8,1379643.95,1913597.05,136.0,35911.0,40205.0,19575.0,20630.0,409631.95,0.0,971837.95,5099.0,0.0,10464.0
Clinic E,"12-G, Jalan Prima SG 1, Prima Seri Gombak, 68100 Batu Caves, Selangor, Malaysia",Selangor,Batu Caves,3.2380872,101.6997531,1474027.65,593079.95,875076.75,87.0,15516.0,17496.0,9022.0,8474.0,154635.5,63.0,439157.45,2151.0,1.0,5024.0
</table>


</tables>

The following functions have already been provided. Please use them as needed and do not redefine them.
<function>
def execute_sql_query(sql_query: str) -> pd.DataFrame
    """This method connects to the database, executes the sql query and returns the dataframe"""
</function>



Update this initial code:
```python
# TODO: import the required dependencies
import pandas as pd

# Write code here

# Declare result var: 
type (possible values "string", "number", "dataframe", "plot"). Examples: { "type": "string", "value": f"The highest salary is {highest_salary}." } or { "type": "number", "value": 125 } or { "type": "dataframe", "value": pd.DataFrame({...}) } or { "type": "plot", "value": "temp_chart.png" }

```



### QUERY
 Plot the histogram of clinic showing for each clinic distinct count of patients

At the end, declare "result" variable as a dictionary of type and value in the following format:

type (possible values "string", "number", "dataframe", "plot"). Examples: { "type": "string", "value": f"The highest salary is {highest_salary}." } or { "type": "number", "value": 125 } or { "type": "dataframe", "value": pd.DataFrame({...}) } or { "type": "plot", "value": "temp_chart.png" }



Generate python code and return full updated code:

### Note: Use only relevant table for query and do aggregation, sorting, joins and grouby through sql query
2025-11-28 19:08:55 [INFO] Code Generated:
# TODO: import the required dependencies
import pandas as pd

def execute_sql_query(sql_query: str) -> pd.DataFrame:
    """This method connects to the database, executes the sql query and returns the dataframe"""
    # Your implementation here...

result = {
    "type": "plot",
    "value": "patient_count_histogram.png"
}

# Use SQL query to generate the plot
sql_query = """
SELECT 
    IDOrganisation,
    COUNT(DISTINCT PatientCount) AS patient_count
FROM 
    tables
GROUP BY 
    IDOrganisation
ORDER BY 
    patient_count DESC;
"""
df = execute_sql_query(sql_query)
2025-11-28 19:08:55 [INFO] Validating code requirements...
2025-11-28 19:08:55 [INFO] Code validation successful.
2025-11-28 19:08:55 [INFO] Cleaning the generated code...
2025-11-28 19:08:55 [INFO] An error occurred during code generation: Query uses unauthorized table: tables.
2025-11-28 19:08:56 [INFO] Stack Trace:
Traceback (most recent call last):
  File "c:\Users\User\OneDrive\Desktop\FYP-Dynamic Dashboard using LLM\venv\Lib\site-packages\pandasai\core\code_generation\base.py", line 39, in generate_code
    cleaned_code = self.validate_and_clean_code(code)
                   ^^^^^^^^^^^^^^^^^^^^^^^^^^^^^^^^^^
  File "c:\Users\User\OneDrive\Desktop\FYP-Dynamic Dashboard using LLM\venv\Lib\site-packages\pandasai\core\code_generation\base.py", line 63, in validate_and_clean_code
    return self._code_cleaner.clean_code(code)
           ^^^^^^^^^^^^^^^^^^^^^^^^^^^^^^^^^^^
  File "c:\Users\User\OneDrive\Desktop\FYP-Dynamic Dashboard using LLM\venv\Lib\site-packages\pandasai\core\code_generation\code_cleaning.py", line 164, in clean_code
    node = self._validate_and_make_table_name_case_sensitive(node)
           ^^^^^^^^^^^^^^^^^^^^^^^^^^^^^^^^^^^^^^^^^^^^^^^^^^^^^^^
  File "c:\Users\User\OneDrive\Desktop\FYP-Dynamic Dashboard using LLM\venv\Lib\site-packages\pandasai\core\code_generation\code_cleaning.py", line 86, in _validate_and_make_table_name_case_sensitive
    sql_query = self._clean_sql_query(node.value.value)
                ^^^^^^^^^^^^^^^^^^^^^^^^^^^^^^^^^^^^^^^
  File "c:\Users\User\OneDrive\Desktop\FYP-Dynamic Dashboard using LLM\venv\Lib\site-packages\pandasai\core\code_generation\code_cleaning.py", line 73, in _clean_sql_query
    return self._replace_table_names(sql_query, table_names, allowed_table_names)
           ^^^^^^^^^^^^^^^^^^^^^^^^^^^^^^^^^^^^^^^^^^^^^^^^^^^^^^^^^^^^^^^^^^^^^^
  File "c:\Users\User\OneDrive\Desktop\FYP-Dynamic Dashboard using LLM\venv\Lib\site-packages\pandasai\core\code_generation\code_cleaning.py", line 57, in _replace_table_names
    raise MaliciousQueryError(
pandasai.exceptions.MaliciousQueryError: Query uses unauthorized table: tables.

2025-11-28 19:08:56 [INFO] Execution failed with error: Traceback (most recent call last):
  File "c:\Users\User\OneDrive\Desktop\FYP-Dynamic Dashboard using LLM\venv\Lib\site-packages\pandasai\agent\base.py", line 176, in generate_code_with_retries
    return self.generate_code(query)
           ^^^^^^^^^^^^^^^^^^^^^^^^^
  File "c:\Users\User\OneDrive\Desktop\FYP-Dynamic Dashboard using LLM\venv\Lib\site-packages\pandasai\agent\base.py", line 119, in generate_code
    code = self._code_generator.generate_code(prompt)
           ^^^^^^^^^^^^^^^^^^^^^^^^^^^^^^^^^^^^^^^^^^
  File "c:\Users\User\OneDrive\Desktop\FYP-Dynamic Dashboard using LLM\venv\Lib\site-packages\pandasai\core\code_generation\base.py", line 52, in generate_code
    raise e
  File "c:\Users\User\OneDrive\Desktop\FYP-Dynamic Dashboard using LLM\venv\Lib\site-packages\pandasai\core\code_generation\base.py", line 39, in generate_code
    cleaned_code = self.validate_and_clean_code(code)
                   ^^^^^^^^^^^^^^^^^^^^^^^^^^^^^^^^^^
  File "c:\Users\User\OneDrive\Desktop\FYP-Dynamic Dashboard using LLM\venv\Lib\site-packages\pandasai\core\code_generation\base.py", line 63, in validate_and_clean_code
    return self._code_cleaner.clean_code(code)
           ^^^^^^^^^^^^^^^^^^^^^^^^^^^^^^^^^^^
  File "c:\Users\User\OneDrive\Desktop\FYP-Dynamic Dashboard using LLM\venv\Lib\site-packages\pandasai\core\code_generation\code_cleaning.py", line 164, in clean_code
    node = self._validate_and_make_table_name_case_sensitive(node)
           ^^^^^^^^^^^^^^^^^^^^^^^^^^^^^^^^^^^^^^^^^^^^^^^^^^^^^^^
  File "c:\Users\User\OneDrive\Desktop\FYP-Dynamic Dashboard using LLM\venv\Lib\site-packages\pandasai\core\code_generation\code_cleaning.py", line 86, in _validate_and_make_table_name_case_sensitive
    sql_query = self._clean_sql_query(node.value.value)
                ^^^^^^^^^^^^^^^^^^^^^^^^^^^^^^^^^^^^^^^
  File "c:\Users\User\OneDrive\Desktop\FYP-Dynamic Dashboard using LLM\venv\Lib\site-packages\pandasai\core\code_generation\code_cleaning.py", line 73, in _clean_sql_query
    return self._replace_table_names(sql_query, table_names, allowed_table_names)
           ^^^^^^^^^^^^^^^^^^^^^^^^^^^^^^^^^^^^^^^^^^^^^^^^^^^^^^^^^^^^^^^^^^^^^^
  File "c:\Users\User\OneDrive\Desktop\FYP-Dynamic Dashboard using LLM\venv\Lib\site-packages\pandasai\core\code_generation\code_cleaning.py", line 57, in _replace_table_names
    raise MaliciousQueryError(
pandasai.exceptions.MaliciousQueryError: Query uses unauthorized table: tables.

2025-11-28 19:08:56 [INFO] Using Prompt: <table dialect="duckdb" table_name="table_bd4f8d5ffa8239c09831e5b997bc2753" columns="[{"name": "IDOrganisation", "type": "string", "description": null, "expression": null, "alias": null}, {"name": "Address", "type": "string", "description": null, "expression": null, "alias": null}, {"name": "State", "type": "string", "description": null, "expression": null, "alias": null}, {"name": "District", "type": "string", "description": null, "expression": null, "alias": null}, {"name": "lat", "type": "float", "description": null, "expression": null, "alias": null}, {"name": "lng", "type": "float", "description": null, "expression": null, "alias": null}, {"name": "TotalRevenue", "type": "float", "description": null, "expression": null, "alias": null}, {"name": "TotalPaid", "type": "float", "description": null, "expression": null, "alias": null}, {"name": "TotalPanel", "type": "float", "description": null, "expression": null, "alias": null}, {"name": "TotalPaidPatientCount", "type": "float", "description": null, "expression": null, "alias": null}, {"name": "TotalPanelPatientCount", "type": "float", "description": null, "expression": null, "alias": null}, {"name": "PatientCount", "type": "float", "description": null, "expression": null, "alias": null}, {"name": "NewPatientCount", "type": "float", "description": null, "expression": null, "alias": null}, {"name": "ReturnPatientCount", "type": "float", "description": null, "expression": null, "alias": null}, {"name": "TotalCash", "type": "float", "description": null, "expression": null, "alias": null}, {"name": "TotalCheque", "type": "float", "description": null, "expression": null, "alias": null}, {"name": "TotalElectronic", "type": "float", "description": null, "expression": null, "alias": null}, {"name": "TotalCashPatientCount", "type": "float", "description": null, "expression": null, "alias": null}, {"name": "TotalChequePatientCount", "type": "float", "description": null, "expression": null, "alias": null}, {"name": "TotalElectronicPatientCount", "type": "float", "description": null, "expression": null, "alias": null}]" dimensions="46x20">
IDOrganisation,Address,State,District,lat,lng,TotalRevenue,TotalPaid,TotalPanel,TotalPaidPatientCount,TotalPanelPatientCount,PatientCount,NewPatientCount,ReturnPatientCount,TotalCash,TotalCheque,TotalElectronic,TotalCashPatientCount,TotalChequePatientCount,TotalElectronicPatientCount
Clinic A,"No 13, Jalan Tengku Ampuan Zabedah B 9/B, Seksyen 9, 40100 Shah Alam, Selangor, Malaysia",Selangor,Shah Alam,3.0817023,101.5274006,1824510.3,509037.45,1302486.8,77.0,13728.0,16026.0,6614.0,9412.0,99420.05,6082.96,408287.65,1488.0,43.0,4796.0
Clinic B,"No 19 GF, Jalan PJS 3/48, Sri Manja Square One, 46510 Petaling Jaya, Selangor, Malaysia",Selangor,Petaling Jaya,3.0732511,101.6482664,1472371.34,508163.27,963692.67,184.0,16831.0,18799.0,6551.0,12248.0,148875.03,673.0,359275.2,2822.0,5.0,5221.0
Clinic C,"No 33G & 33 (1st Floor), Jalan 2/1, Taman Seri Jaromas, Jenjarom, 42600, Selangor Darul Ehsan, Malaysia",Selangor,Kuala Langat,2.875081,101.5022764,2747409.05,1192063.75,1554307.3,239.0,32668.0,36978.0,13492.0,23486.0,547858.3,500.0,648619.45,8340.0,5.0,8680.0
Clinic D,"564 & 565, Ground Floor, Jalan Samudra Utara 1, Taman Samudra, 68100 Batu Caves, Selangor, Malaysia",Selangor,Batu Caves,3.2355383,101.6977572,3294471.8,1379643.95,1913597.05,136.0,35911.0,40205.0,19575.0,20630.0,409631.95,0.0,971837.95,5099.0,0.0,10464.0
Clinic E,"12-G, Jalan Prima SG 1, Prima Seri Gombak, 68100 Batu Caves, Selangor, Malaysia",Selangor,Batu Caves,3.2380872,101.6997531,1474027.65,593079.95,875076.75,87.0,15516.0,17496.0,9022.0,8474.0,154635.5,63.0,439157.45,2151.0,1.0,5024.0
</table>


The following functions have already been provided. Please use them as needed and do not redefine them.
<function>
def execute_sql_query(sql_query: str) -> pd.DataFrame
    """This method connects to the database, executes the sql query and returns the dataframe"""
</function>


The user asked the following question:
### QUERY
 Plot the histogram of clinic showing for each clinic distinct count of patients

You generated the following Python code:
# TODO: import the required dependencies
import pandas as pd

def execute_sql_query(sql_query: str) -> pd.DataFrame:
    """This method connects to the database, executes the sql query and returns the dataframe"""
    # Your implementation here...

result = {
    "type": "plot",
    "value": "patient_count_histogram.png"
}

# Use SQL query to generate the plot
sql_query = """
SELECT 
    IDOrganisation,
    COUNT(DISTINCT PatientCount) AS patient_count
FROM 
    tables
GROUP BY 
    IDOrganisation
ORDER BY 
    patient_count DESC;
"""
df = execute_sql_query(sql_query)

However, it resulted in the following error:
Traceback (most recent call last):
  File "c:\Users\User\OneDrive\Desktop\FYP-Dynamic Dashboard using LLM\venv\Lib\site-packages\pandasai\agent\base.py", line 176, in generate_code_with_retries
    return self.generate_code(query)
           ^^^^^^^^^^^^^^^^^^^^^^^^^
  File "c:\Users\User\OneDrive\Desktop\FYP-Dynamic Dashboard using LLM\venv\Lib\site-packages\pandasai\agent\base.py", line 119, in generate_code
    code = self._code_generator.generate_code(prompt)
           ^^^^^^^^^^^^^^^^^^^^^^^^^^^^^^^^^^^^^^^^^^
  File "c:\Users\User\OneDrive\Desktop\FYP-Dynamic Dashboard using LLM\venv\Lib\site-packages\pandasai\core\code_generation\base.py", line 52, in generate_code
    raise e
  File "c:\Users\User\OneDrive\Desktop\FYP-Dynamic Dashboard using LLM\venv\Lib\site-packages\pandasai\core\code_generation\base.py", line 39, in generate_code
    cleaned_code = self.validate_and_clean_code(code)
                   ^^^^^^^^^^^^^^^^^^^^^^^^^^^^^^^^^^
  File "c:\Users\User\OneDrive\Desktop\FYP-Dynamic Dashboard using LLM\venv\Lib\site-packages\pandasai\core\code_generation\base.py", line 63, in validate_and_clean_code
    return self._code_cleaner.clean_code(code)
           ^^^^^^^^^^^^^^^^^^^^^^^^^^^^^^^^^^^
  File "c:\Users\User\OneDrive\Desktop\FYP-Dynamic Dashboard using LLM\venv\Lib\site-packages\pandasai\core\code_generation\code_cleaning.py", line 164, in clean_code
    node = self._validate_and_make_table_name_case_sensitive(node)
           ^^^^^^^^^^^^^^^^^^^^^^^^^^^^^^^^^^^^^^^^^^^^^^^^^^^^^^^
  File "c:\Users\User\OneDrive\Desktop\FYP-Dynamic Dashboard using LLM\venv\Lib\site-packages\pandasai\core\code_generation\code_cleaning.py", line 86, in _validate_and_make_table_name_case_sensitive
    sql_query = self._clean_sql_query(node.value.value)
                ^^^^^^^^^^^^^^^^^^^^^^^^^^^^^^^^^^^^^^^
  File "c:\Users\User\OneDrive\Desktop\FYP-Dynamic Dashboard using LLM\venv\Lib\site-packages\pandasai\core\code_generation\code_cleaning.py", line 73, in _clean_sql_query
    return self._replace_table_names(sql_query, table_names, allowed_table_names)
           ^^^^^^^^^^^^^^^^^^^^^^^^^^^^^^^^^^^^^^^^^^^^^^^^^^^^^^^^^^^^^^^^^^^^^^
  File "c:\Users\User\OneDrive\Desktop\FYP-Dynamic Dashboard using LLM\venv\Lib\site-packages\pandasai\core\code_generation\code_cleaning.py", line 57, in _replace_table_names
    raise MaliciousQueryError(
pandasai.exceptions.MaliciousQueryError: Query uses unauthorized table: tables.


Fix the python code above and return the new python code but the code generated should use execute_sql_query function
2025-11-28 19:09:14 [INFO] Code Generated:
import pandas as pd

def execute_sql_query(sql_query: str) -> pd.DataFrame:
    """This method connects to the database, executes the sql query and returns the dataframe"""
    # Your implementation here...

result = {
    "type": "plot",
    "value": "patient_count_histogram.png"
}

# Use SQL query to generate the plot
sql_query = """
SELECT 
    IDOrganisation,
    COUNT(DISTINCT PatientCount) AS patient_count
FROM 
    table_bd4f8d5ffa8239c09831e5b997bc2753
GROUP BY 
    IDOrganisation
ORDER BY 
    patient_count DESC;
"""
df = execute_sql_query(sql_query)
2025-11-28 19:09:14 [INFO] Validating code requirements...
2025-11-28 19:09:14 [INFO] Code validation successful.
2025-11-28 19:09:14 [INFO] Cleaning the generated code...
2025-11-28 19:09:14 [INFO] Executing code: import pandas as pd
result = {'type': 'plot', 'value': 'exports\\charts\\temp_chart_7b0691e2-93eb-41b6-b8ec-bed10d2e0c29.png'}
sql_query = """
SELECT 
    IDOrganisation,
    COUNT(DISTINCT PatientCount) AS patient_count
FROM 
    table_bd4f8d5ffa8239c09831e5b997bc2753
GROUP BY 
    IDOrganisation
ORDER BY 
    patient_count DESC;
"""
df = execute_sql_query(sql_query)
2025-11-28 19:09:14 [INFO] Response generated successfully.
2025-11-28 19:09:59 [INFO] Question: Plot the histogram of clinic showing for each clinic distinct count of patients
2025-11-28 19:09:59 [INFO] Running PandasAI with litellm LLM...
2025-11-28 19:09:59 [INFO] Prompt ID: ba03f4d8-fd99-4b19-bf52-370ab3d07033
2025-11-28 19:09:59 [INFO] Generating new code...
2025-11-28 19:09:59 [INFO] Using Prompt: <tables>

<table dialect="duckdb" table_name="table_bd4f8d5ffa8239c09831e5b997bc2753" columns="[{"name": "IDOrganisation", "type": "string", "description": null, "expression": null, "alias": null}, {"name": "Address", "type": "string", "description": null, "expression": null, "alias": null}, {"name": "State", "type": "string", "description": null, "expression": null, "alias": null}, {"name": "District", "type": "string", "description": null, "expression": null, "alias": null}, {"name": "lat", "type": "float", "description": null, "expression": null, "alias": null}, {"name": "lng", "type": "float", "description": null, "expression": null, "alias": null}, {"name": "TotalRevenue", "type": "float", "description": null, "expression": null, "alias": null}, {"name": "TotalPaid", "type": "float", "description": null, "expression": null, "alias": null}, {"name": "TotalPanel", "type": "float", "description": null, "expression": null, "alias": null}, {"name": "TotalPaidPatientCount", "type": "float", "description": null, "expression": null, "alias": null}, {"name": "TotalPanelPatientCount", "type": "float", "description": null, "expression": null, "alias": null}, {"name": "PatientCount", "type": "float", "description": null, "expression": null, "alias": null}, {"name": "NewPatientCount", "type": "float", "description": null, "expression": null, "alias": null}, {"name": "ReturnPatientCount", "type": "float", "description": null, "expression": null, "alias": null}, {"name": "TotalCash", "type": "float", "description": null, "expression": null, "alias": null}, {"name": "TotalCheque", "type": "float", "description": null, "expression": null, "alias": null}, {"name": "TotalElectronic", "type": "float", "description": null, "expression": null, "alias": null}, {"name": "TotalCashPatientCount", "type": "float", "description": null, "expression": null, "alias": null}, {"name": "TotalChequePatientCount", "type": "float", "description": null, "expression": null, "alias": null}, {"name": "TotalElectronicPatientCount", "type": "float", "description": null, "expression": null, "alias": null}]" dimensions="46x20">
IDOrganisation,Address,State,District,lat,lng,TotalRevenue,TotalPaid,TotalPanel,TotalPaidPatientCount,TotalPanelPatientCount,PatientCount,NewPatientCount,ReturnPatientCount,TotalCash,TotalCheque,TotalElectronic,TotalCashPatientCount,TotalChequePatientCount,TotalElectronicPatientCount
Clinic A,"No 13, Jalan Tengku Ampuan Zabedah B 9/B, Seksyen 9, 40100 Shah Alam, Selangor, Malaysia",Selangor,Shah Alam,3.0817023,101.5274006,1824510.3,509037.45,1302486.8,77.0,13728.0,16026.0,6614.0,9412.0,99420.05,6082.96,408287.65,1488.0,43.0,4796.0
Clinic B,"No 19 GF, Jalan PJS 3/48, Sri Manja Square One, 46510 Petaling Jaya, Selangor, Malaysia",Selangor,Petaling Jaya,3.0732511,101.6482664,1472371.34,508163.27,963692.67,184.0,16831.0,18799.0,6551.0,12248.0,148875.03,673.0,359275.2,2822.0,5.0,5221.0
Clinic C,"No 33G & 33 (1st Floor), Jalan 2/1, Taman Seri Jaromas, Jenjarom, 42600, Selangor Darul Ehsan, Malaysia",Selangor,Kuala Langat,2.875081,101.5022764,2747409.05,1192063.75,1554307.3,239.0,32668.0,36978.0,13492.0,23486.0,547858.3,500.0,648619.45,8340.0,5.0,8680.0
Clinic D,"564 & 565, Ground Floor, Jalan Samudra Utara 1, Taman Samudra, 68100 Batu Caves, Selangor, Malaysia",Selangor,Batu Caves,3.2355383,101.6977572,3294471.8,1379643.95,1913597.05,136.0,35911.0,40205.0,19575.0,20630.0,409631.95,0.0,971837.95,5099.0,0.0,10464.0
Clinic E,"12-G, Jalan Prima SG 1, Prima Seri Gombak, 68100 Batu Caves, Selangor, Malaysia",Selangor,Batu Caves,3.2380872,101.6997531,1474027.65,593079.95,875076.75,87.0,15516.0,17496.0,9022.0,8474.0,154635.5,63.0,439157.45,2151.0,1.0,5024.0
</table>


</tables>

The following functions have already been provided. Please use them as needed and do not redefine them.
<function>
def execute_sql_query(sql_query: str) -> pd.DataFrame
    """This method connects to the database, executes the sql query and returns the dataframe"""
</function>



Update this initial code:
```python
# TODO: import the required dependencies
import pandas as pd

# Write code here

# Declare result var: 
type (possible values "string", "number", "dataframe", "plot"). Examples: { "type": "string", "value": f"The highest salary is {highest_salary}." } or { "type": "number", "value": 125 } or { "type": "dataframe", "value": pd.DataFrame({...}) } or { "type": "plot", "value": "temp_chart.png" }

```



### QUERY
 Plot the histogram of clinic showing for each clinic distinct count of patients

At the end, declare "result" variable as a dictionary of type and value in the following format:

type (possible values "string", "number", "dataframe", "plot"). Examples: { "type": "string", "value": f"The highest salary is {highest_salary}." } or { "type": "number", "value": 125 } or { "type": "dataframe", "value": pd.DataFrame({...}) } or { "type": "plot", "value": "temp_chart.png" }



Generate python code and return full updated code:

### Note: Use only relevant table for query and do aggregation, sorting, joins and grouby through sql query
2025-11-28 19:10:24 [INFO] Code Generated:
import pandas as pd
import matplotlib.pyplot as plt

# Execute SQL query to get the data
data = execute_sql_query("SELECT IDOrganisation, PatientCount FROM table_bd4f8d5ffa8239c09831e5b997bc2753")

# Group the data by clinic and count the distinct patient counts
clinic_patient_counts = data.groupby('IDOrganisation')['PatientCount'].nunique().reset_index(name='Distinct_Patient_Count')

# Create a histogram of the distinct patient counts for each clinic
plt.hist(clinic_patient_counts['Distinct_Patient_Count'], bins=10)

# Add title and labels to the plot
plt.title("Histogram of Distinct Patient Counts by Clinic")
plt.xlabel("Distinct Patient Count")
plt.ylabel("Frequency")

# Save the plot as a PNG file
plt.savefig('patient_count_histogram.png')

# Declare result variable as a dictionary with type "plot" and value "patient_count_histogram.png"
result = {"type": "plot", "value": "patient_count_histogram.png"}
2025-11-28 19:10:24 [INFO] Validating code requirements...
2025-11-28 19:10:24 [INFO] Code validation successful.
2025-11-28 19:10:24 [INFO] Cleaning the generated code...
2025-11-28 19:10:24 [INFO] Executing code: import pandas as pd
import matplotlib.pyplot as plt
data = execute_sql_query('SELECT IDOrganisation, PatientCount FROM table_bd4f8d5ffa8239c09831e5b997bc2753')
clinic_patient_counts = data.groupby('IDOrganisation')['PatientCount'].nunique().reset_index(name='Distinct_Patient_Count')
plt.hist(clinic_patient_counts['Distinct_Patient_Count'], bins=10)
plt.title('Histogram of Distinct Patient Counts by Clinic')
plt.xlabel('Distinct Patient Count')
plt.ylabel('Frequency')
plt.savefig('exports\\charts\\temp_chart_4d5c8bbe-621f-486e-a64b-64cda7c44fb9.png')
result = {'type': 'plot', 'value': 'exports\\charts\\temp_chart_4d5c8bbe-621f-486e-a64b-64cda7c44fb9.png'}
2025-11-28 19:10:24 [INFO] Response generated successfully.
2025-11-28 19:10:48 [INFO] Question: Plot the histogram of clinic showing for each clinic distinct count of patients
2025-11-28 19:10:48 [INFO] Running PandasAI with litellm LLM...
2025-11-28 19:10:48 [INFO] Prompt ID: 9cdf4d66-bb5e-4159-9db2-ae2f927f9ce7
2025-11-28 19:10:48 [INFO] Generating new code...
2025-11-28 19:10:48 [INFO] Using Prompt: <tables>

<table dialect="duckdb" table_name="table_bd4f8d5ffa8239c09831e5b997bc2753" columns="[{"name": "IDOrganisation", "type": "string", "description": null, "expression": null, "alias": null}, {"name": "Address", "type": "string", "description": null, "expression": null, "alias": null}, {"name": "State", "type": "string", "description": null, "expression": null, "alias": null}, {"name": "District", "type": "string", "description": null, "expression": null, "alias": null}, {"name": "lat", "type": "float", "description": null, "expression": null, "alias": null}, {"name": "lng", "type": "float", "description": null, "expression": null, "alias": null}, {"name": "TotalRevenue", "type": "float", "description": null, "expression": null, "alias": null}, {"name": "TotalPaid", "type": "float", "description": null, "expression": null, "alias": null}, {"name": "TotalPanel", "type": "float", "description": null, "expression": null, "alias": null}, {"name": "TotalPaidPatientCount", "type": "float", "description": null, "expression": null, "alias": null}, {"name": "TotalPanelPatientCount", "type": "float", "description": null, "expression": null, "alias": null}, {"name": "PatientCount", "type": "float", "description": null, "expression": null, "alias": null}, {"name": "NewPatientCount", "type": "float", "description": null, "expression": null, "alias": null}, {"name": "ReturnPatientCount", "type": "float", "description": null, "expression": null, "alias": null}, {"name": "TotalCash", "type": "float", "description": null, "expression": null, "alias": null}, {"name": "TotalCheque", "type": "float", "description": null, "expression": null, "alias": null}, {"name": "TotalElectronic", "type": "float", "description": null, "expression": null, "alias": null}, {"name": "TotalCashPatientCount", "type": "float", "description": null, "expression": null, "alias": null}, {"name": "TotalChequePatientCount", "type": "float", "description": null, "expression": null, "alias": null}, {"name": "TotalElectronicPatientCount", "type": "float", "description": null, "expression": null, "alias": null}]" dimensions="46x20">
IDOrganisation,Address,State,District,lat,lng,TotalRevenue,TotalPaid,TotalPanel,TotalPaidPatientCount,TotalPanelPatientCount,PatientCount,NewPatientCount,ReturnPatientCount,TotalCash,TotalCheque,TotalElectronic,TotalCashPatientCount,TotalChequePatientCount,TotalElectronicPatientCount
Clinic A,"No 13, Jalan Tengku Ampuan Zabedah B 9/B, Seksyen 9, 40100 Shah Alam, Selangor, Malaysia",Selangor,Shah Alam,3.0817023,101.5274006,1824510.3,509037.45,1302486.8,77.0,13728.0,16026.0,6614.0,9412.0,99420.05,6082.96,408287.65,1488.0,43.0,4796.0
Clinic B,"No 19 GF, Jalan PJS 3/48, Sri Manja Square One, 46510 Petaling Jaya, Selangor, Malaysia",Selangor,Petaling Jaya,3.0732511,101.6482664,1472371.34,508163.27,963692.67,184.0,16831.0,18799.0,6551.0,12248.0,148875.03,673.0,359275.2,2822.0,5.0,5221.0
Clinic C,"No 33G & 33 (1st Floor), Jalan 2/1, Taman Seri Jaromas, Jenjarom, 42600, Selangor Darul Ehsan, Malaysia",Selangor,Kuala Langat,2.875081,101.5022764,2747409.05,1192063.75,1554307.3,239.0,32668.0,36978.0,13492.0,23486.0,547858.3,500.0,648619.45,8340.0,5.0,8680.0
Clinic D,"564 & 565, Ground Floor, Jalan Samudra Utara 1, Taman Samudra, 68100 Batu Caves, Selangor, Malaysia",Selangor,Batu Caves,3.2355383,101.6977572,3294471.8,1379643.95,1913597.05,136.0,35911.0,40205.0,19575.0,20630.0,409631.95,0.0,971837.95,5099.0,0.0,10464.0
Clinic E,"12-G, Jalan Prima SG 1, Prima Seri Gombak, 68100 Batu Caves, Selangor, Malaysia",Selangor,Batu Caves,3.2380872,101.6997531,1474027.65,593079.95,875076.75,87.0,15516.0,17496.0,9022.0,8474.0,154635.5,63.0,439157.45,2151.0,1.0,5024.0
</table>


</tables>

The following functions have already been provided. Please use them as needed and do not redefine them.
<function>
def execute_sql_query(sql_query: str) -> pd.DataFrame
    """This method connects to the database, executes the sql query and returns the dataframe"""
</function>



Update this initial code:
```python
# TODO: import the required dependencies
import pandas as pd

# Write code here

# Declare result var: 
type (possible values "string", "number", "dataframe", "plot"). Examples: { "type": "string", "value": f"The highest salary is {highest_salary}." } or { "type": "number", "value": 125 } or { "type": "dataframe", "value": pd.DataFrame({...}) } or { "type": "plot", "value": "temp_chart.png" }

```



### QUERY
 Plot the histogram of clinic showing for each clinic distinct count of patients

At the end, declare "result" variable as a dictionary of type and value in the following format:

type (possible values "string", "number", "dataframe", "plot"). Examples: { "type": "string", "value": f"The highest salary is {highest_salary}." } or { "type": "number", "value": 125 } or { "type": "dataframe", "value": pd.DataFrame({...}) } or { "type": "plot", "value": "temp_chart.png" }



Generate python code and return full updated code:

### Note: Use only relevant table for query and do aggregation, sorting, joins and grouby through sql query
2025-11-28 19:11:08 [INFO] Code Generated:
import pandas as pd

def execute_sql_query(sql_query: str) -> pd.DataFrame:
    """This method connects to the database, executes the sql query and returns the dataframe"""
    # TO DO: implement this function
    pass

# Get the table data from the initial code
tables = ...

# Define the SQL query to plot the histogram of clinic showing for each clinic distinct count of patients
sql_query = """
SELECT 
  IDOrganisation, 
  COUNT(DISTINCT PatientCount) AS patient_count
FROM 
  {}
GROUP BY 
  IDOrganisation
ORDER BY 
  patient_count DESC;
""".format(tables)

# Execute the SQL query and store the result in a Pandas DataFrame
df = execute_sql_query(sql_query)

# Create a histogram plot of the patient count for each clinic
import matplotlib.pyplot as plt

plt.hist(df['patient_count'], bins=10)
plt.xlabel('Patient Count')
plt.ylabel('Frequency')
plt.title('Histogram of Patient Count by Clinic')
plt.savefig('patient_count_histogram.png')

# Declare the result variable as a dictionary
result = {
    "type": "plot",
    "value": "patient_count_histogram.png"
}

print(result)
2025-11-28 19:11:08 [INFO] Validating code requirements...
2025-11-28 19:11:08 [INFO] Code validation successful.
2025-11-28 19:11:08 [INFO] Cleaning the generated code...
2025-11-28 19:11:09 [INFO] Executing code: import pandas as pd
tables = ...
sql_query = """
SELECT 
  IDOrganisation, 
  COUNT(DISTINCT PatientCount) AS patient_count
FROM 
  {}
GROUP BY 
  IDOrganisation
ORDER BY 
  patient_count DESC;
""".format(tables)
df = execute_sql_query(sql_query)
import matplotlib.pyplot as plt
plt.hist(df['patient_count'], bins=10)
plt.xlabel('Patient Count')
plt.ylabel('Frequency')
plt.title('Histogram of Patient Count by Clinic')
plt.savefig('exports\\charts\\temp_chart_ef0fe8c3-2e9d-406f-a090-6537244445e4.png')
result = {'type': 'plot', 'value': 'exports\\charts\\temp_chart_ef0fe8c3-2e9d-406f-a090-6537244445e4.png'}
print(result)
2025-11-28 19:11:09 [INFO] Retrying execution (1/3)...
2025-11-28 19:11:09 [INFO] Execution failed with error: Traceback (most recent call last):
  File "c:\Users\User\OneDrive\Desktop\FYP-Dynamic Dashboard using LLM\venv\Lib\site-packages\pandasai\core\code_execution\code_executor.py", line 29, in execute
    exec(code, self._environment)
  File "<string>", line 14, in <module>
  File "c:\Users\User\OneDrive\Desktop\FYP-Dynamic Dashboard using LLM\venv\Lib\site-packages\pandasai\agent\base.py", line 167, in _execute_sql_query
    return db_manager.sql(final_query).df()
           ^^^^^^^^^^^^^^^^^^^^^^^^^^^
  File "c:\Users\User\OneDrive\Desktop\FYP-Dynamic Dashboard using LLM\venv\Lib\site-packages\pandasai\data_loader\duck_db_connection_manager.py", line 32, in sql
    return self.connection.sql(query, params=params)
           ^^^^^^^^^^^^^^^^^^^^^^^^^^^^^^^^^^^^^^^^^
_duckdb.CatalogException: Catalog Error: Table with name Ellipsis does not exist!
Did you mean "pg_class"?

The above exception was the direct cause of the following exception:

Traceback (most recent call last):
  File "c:\Users\User\OneDrive\Desktop\FYP-Dynamic Dashboard using LLM\venv\Lib\site-packages\pandasai\agent\base.py", line 204, in execute_with_retries
    result = self.execute_code(code)
             ^^^^^^^^^^^^^^^^^^^^^^^
  File "c:\Users\User\OneDrive\Desktop\FYP-Dynamic Dashboard using LLM\venv\Lib\site-packages\pandasai\agent\base.py", line 135, in execute_code
    return code_executor.execute_and_return_result(code)
           ^^^^^^^^^^^^^^^^^^^^^^^^^^^^^^^^^^^^^^^^^^^^^
  File "c:\Users\User\OneDrive\Desktop\FYP-Dynamic Dashboard using LLM\venv\Lib\site-packages\pandasai\core\code_execution\code_executor.py", line 38, in execute_and_return_result
    self.execute(code)
  File "c:\Users\User\OneDrive\Desktop\FYP-Dynamic Dashboard using LLM\venv\Lib\site-packages\pandasai\core\code_execution\code_executor.py", line 31, in execute
    raise CodeExecutionError("Code execution failed") from e
pandasai.exceptions.CodeExecutionError: Code execution failed

2025-11-28 19:11:09 [INFO] Using Prompt: <table dialect="duckdb" table_name="table_bd4f8d5ffa8239c09831e5b997bc2753" columns="[{"name": "IDOrganisation", "type": "string", "description": null, "expression": null, "alias": null}, {"name": "Address", "type": "string", "description": null, "expression": null, "alias": null}, {"name": "State", "type": "string", "description": null, "expression": null, "alias": null}, {"name": "District", "type": "string", "description": null, "expression": null, "alias": null}, {"name": "lat", "type": "float", "description": null, "expression": null, "alias": null}, {"name": "lng", "type": "float", "description": null, "expression": null, "alias": null}, {"name": "TotalRevenue", "type": "float", "description": null, "expression": null, "alias": null}, {"name": "TotalPaid", "type": "float", "description": null, "expression": null, "alias": null}, {"name": "TotalPanel", "type": "float", "description": null, "expression": null, "alias": null}, {"name": "TotalPaidPatientCount", "type": "float", "description": null, "expression": null, "alias": null}, {"name": "TotalPanelPatientCount", "type": "float", "description": null, "expression": null, "alias": null}, {"name": "PatientCount", "type": "float", "description": null, "expression": null, "alias": null}, {"name": "NewPatientCount", "type": "float", "description": null, "expression": null, "alias": null}, {"name": "ReturnPatientCount", "type": "float", "description": null, "expression": null, "alias": null}, {"name": "TotalCash", "type": "float", "description": null, "expression": null, "alias": null}, {"name": "TotalCheque", "type": "float", "description": null, "expression": null, "alias": null}, {"name": "TotalElectronic", "type": "float", "description": null, "expression": null, "alias": null}, {"name": "TotalCashPatientCount", "type": "float", "description": null, "expression": null, "alias": null}, {"name": "TotalChequePatientCount", "type": "float", "description": null, "expression": null, "alias": null}, {"name": "TotalElectronicPatientCount", "type": "float", "description": null, "expression": null, "alias": null}]" dimensions="46x20">
IDOrganisation,Address,State,District,lat,lng,TotalRevenue,TotalPaid,TotalPanel,TotalPaidPatientCount,TotalPanelPatientCount,PatientCount,NewPatientCount,ReturnPatientCount,TotalCash,TotalCheque,TotalElectronic,TotalCashPatientCount,TotalChequePatientCount,TotalElectronicPatientCount
Clinic A,"No 13, Jalan Tengku Ampuan Zabedah B 9/B, Seksyen 9, 40100 Shah Alam, Selangor, Malaysia",Selangor,Shah Alam,3.0817023,101.5274006,1824510.3,509037.45,1302486.8,77.0,13728.0,16026.0,6614.0,9412.0,99420.05,6082.96,408287.65,1488.0,43.0,4796.0
Clinic B,"No 19 GF, Jalan PJS 3/48, Sri Manja Square One, 46510 Petaling Jaya, Selangor, Malaysia",Selangor,Petaling Jaya,3.0732511,101.6482664,1472371.34,508163.27,963692.67,184.0,16831.0,18799.0,6551.0,12248.0,148875.03,673.0,359275.2,2822.0,5.0,5221.0
Clinic C,"No 33G & 33 (1st Floor), Jalan 2/1, Taman Seri Jaromas, Jenjarom, 42600, Selangor Darul Ehsan, Malaysia",Selangor,Kuala Langat,2.875081,101.5022764,2747409.05,1192063.75,1554307.3,239.0,32668.0,36978.0,13492.0,23486.0,547858.3,500.0,648619.45,8340.0,5.0,8680.0
Clinic D,"564 & 565, Ground Floor, Jalan Samudra Utara 1, Taman Samudra, 68100 Batu Caves, Selangor, Malaysia",Selangor,Batu Caves,3.2355383,101.6977572,3294471.8,1379643.95,1913597.05,136.0,35911.0,40205.0,19575.0,20630.0,409631.95,0.0,971837.95,5099.0,0.0,10464.0
Clinic E,"12-G, Jalan Prima SG 1, Prima Seri Gombak, 68100 Batu Caves, Selangor, Malaysia",Selangor,Batu Caves,3.2380872,101.6997531,1474027.65,593079.95,875076.75,87.0,15516.0,17496.0,9022.0,8474.0,154635.5,63.0,439157.45,2151.0,1.0,5024.0
</table>


The following functions have already been provided. Please use them as needed and do not redefine them.
<function>
def execute_sql_query(sql_query: str) -> pd.DataFrame
    """This method connects to the database, executes the sql query and returns the dataframe"""
</function>


The user asked the following question:
### QUERY
 Plot the histogram of clinic showing for each clinic distinct count of patients

You generated the following Python code:
import pandas as pd
tables = ...
sql_query = """
SELECT 
  IDOrganisation, 
  COUNT(DISTINCT PatientCount) AS patient_count
FROM 
  {}
GROUP BY 
  IDOrganisation
ORDER BY 
  patient_count DESC;
""".format(tables)
df = execute_sql_query(sql_query)
import matplotlib.pyplot as plt
plt.hist(df['patient_count'], bins=10)
plt.xlabel('Patient Count')
plt.ylabel('Frequency')
plt.title('Histogram of Patient Count by Clinic')
plt.savefig('exports\\charts\\temp_chart_ef0fe8c3-2e9d-406f-a090-6537244445e4.png')
result = {'type': 'plot', 'value': 'exports\\charts\\temp_chart_ef0fe8c3-2e9d-406f-a090-6537244445e4.png'}
print(result)

However, it resulted in the following error:
Traceback (most recent call last):
  File "c:\Users\User\OneDrive\Desktop\FYP-Dynamic Dashboard using LLM\venv\Lib\site-packages\pandasai\core\code_execution\code_executor.py", line 29, in execute
    exec(code, self._environment)
  File "<string>", line 14, in <module>
  File "c:\Users\User\OneDrive\Desktop\FYP-Dynamic Dashboard using LLM\venv\Lib\site-packages\pandasai\agent\base.py", line 167, in _execute_sql_query
    return db_manager.sql(final_query).df()
           ^^^^^^^^^^^^^^^^^^^^^^^^^^^
  File "c:\Users\User\OneDrive\Desktop\FYP-Dynamic Dashboard using LLM\venv\Lib\site-packages\pandasai\data_loader\duck_db_connection_manager.py", line 32, in sql
    return self.connection.sql(query, params=params)
           ^^^^^^^^^^^^^^^^^^^^^^^^^^^^^^^^^^^^^^^^^
_duckdb.CatalogException: Catalog Error: Table with name Ellipsis does not exist!
Did you mean "pg_class"?

The above exception was the direct cause of the following exception:

Traceback (most recent call last):
  File "c:\Users\User\OneDrive\Desktop\FYP-Dynamic Dashboard using LLM\venv\Lib\site-packages\pandasai\agent\base.py", line 204, in execute_with_retries
    result = self.execute_code(code)
             ^^^^^^^^^^^^^^^^^^^^^^^
  File "c:\Users\User\OneDrive\Desktop\FYP-Dynamic Dashboard using LLM\venv\Lib\site-packages\pandasai\agent\base.py", line 135, in execute_code
    return code_executor.execute_and_return_result(code)
           ^^^^^^^^^^^^^^^^^^^^^^^^^^^^^^^^^^^^^^^^^^^^^
  File "c:\Users\User\OneDrive\Desktop\FYP-Dynamic Dashboard using LLM\venv\Lib\site-packages\pandasai\core\code_execution\code_executor.py", line 38, in execute_and_return_result
    self.execute(code)
  File "c:\Users\User\OneDrive\Desktop\FYP-Dynamic Dashboard using LLM\venv\Lib\site-packages\pandasai\core\code_execution\code_executor.py", line 31, in execute
    raise CodeExecutionError("Code execution failed") from e
pandasai.exceptions.CodeExecutionError: Code execution failed


Fix the python code above and return the new python code but the code generated should use execute_sql_query function
2025-11-28 19:11:27 [INFO] Code Generated:
Python
import pandas as pd
import matplotlib.pyplot as plt

sql_query = """
SELECT 
  IDOrganisation, 
  COUNT(DISTINCT PatientCount) AS patient_count
FROM 
  table_bd4f8d5ffa8239c09831e5b997bc2753
GROUP BY 
  IDOrganisation
ORDER BY 
  patient_count DESC;
"""

df = execute_sql_query(sql_query)

plt.hist(df['patient_count'].values, bins=10)
plt.xlabel('Patient Count')
plt.ylabel('Frequency')
plt.title('Histogram of Patient Count by Clinic')
plt.savefig('exports\\charts\\temp_chart_ef0fe8c3-2e9d-406f-a090-6537244445e4.png')

result = {'type': 'plot', 'value': 'exports\\charts\\temp_chart_ef0fe8c3-2e9d-406f-a090-6537244445e4.png'}
print(result)
2025-11-28 19:11:27 [INFO] Validating code requirements...
2025-11-28 19:11:27 [INFO] Code validation successful.
2025-11-28 19:11:27 [INFO] Cleaning the generated code...
2025-11-28 19:11:27 [INFO] Executing code: Python
import pandas as pd
import matplotlib.pyplot as plt
sql_query = """
SELECT 
  IDOrganisation, 
  COUNT(DISTINCT PatientCount) AS patient_count
FROM 
  table_bd4f8d5ffa8239c09831e5b997bc2753
GROUP BY 
  IDOrganisation
ORDER BY 
  patient_count DESC;
"""
df = execute_sql_query(sql_query)
plt.hist(df['patient_count'].values, bins=10)
plt.xlabel('Patient Count')
plt.ylabel('Frequency')
plt.title('Histogram of Patient Count by Clinic')
plt.savefig('exports\\charts\\temp_chart_7d5e98de-9142-4eb5-a5e8-941638e96a16.png')
result = {'type': 'plot', 'value': 'exports\\charts\\temp_chart_7d5e98de-9142-4eb5-a5e8-941638e96a16.png'}
print(result)
2025-11-28 19:11:27 [INFO] Retrying execution (2/3)...
2025-11-28 19:11:27 [INFO] Execution failed with error: Traceback (most recent call last):
  File "c:\Users\User\OneDrive\Desktop\FYP-Dynamic Dashboard using LLM\venv\Lib\site-packages\pandasai\core\code_execution\code_executor.py", line 29, in execute
    exec(code, self._environment)
  File "<string>", line 1, in <module>
NameError: name 'Python' is not defined

The above exception was the direct cause of the following exception:

Traceback (most recent call last):
  File "c:\Users\User\OneDrive\Desktop\FYP-Dynamic Dashboard using LLM\venv\Lib\site-packages\pandasai\agent\base.py", line 204, in execute_with_retries
    result = self.execute_code(code)
             ^^^^^^^^^^^^^^^^^^^^^^^
  File "c:\Users\User\OneDrive\Desktop\FYP-Dynamic Dashboard using LLM\venv\Lib\site-packages\pandasai\agent\base.py", line 135, in execute_code
    return code_executor.execute_and_return_result(code)
           ^^^^^^^^^^^^^^^^^^^^^^^^^^^^^^^^^^^^^^^^^^^^^
  File "c:\Users\User\OneDrive\Desktop\FYP-Dynamic Dashboard using LLM\venv\Lib\site-packages\pandasai\core\code_execution\code_executor.py", line 38, in execute_and_return_result
    self.execute(code)
  File "c:\Users\User\OneDrive\Desktop\FYP-Dynamic Dashboard using LLM\venv\Lib\site-packages\pandasai\core\code_execution\code_executor.py", line 31, in execute
    raise CodeExecutionError("Code execution failed") from e
pandasai.exceptions.CodeExecutionError: Code execution failed

2025-11-28 19:11:27 [INFO] Using Prompt: <table dialect="duckdb" table_name="table_bd4f8d5ffa8239c09831e5b997bc2753" columns="[{"name": "IDOrganisation", "type": "string", "description": null, "expression": null, "alias": null}, {"name": "Address", "type": "string", "description": null, "expression": null, "alias": null}, {"name": "State", "type": "string", "description": null, "expression": null, "alias": null}, {"name": "District", "type": "string", "description": null, "expression": null, "alias": null}, {"name": "lat", "type": "float", "description": null, "expression": null, "alias": null}, {"name": "lng", "type": "float", "description": null, "expression": null, "alias": null}, {"name": "TotalRevenue", "type": "float", "description": null, "expression": null, "alias": null}, {"name": "TotalPaid", "type": "float", "description": null, "expression": null, "alias": null}, {"name": "TotalPanel", "type": "float", "description": null, "expression": null, "alias": null}, {"name": "TotalPaidPatientCount", "type": "float", "description": null, "expression": null, "alias": null}, {"name": "TotalPanelPatientCount", "type": "float", "description": null, "expression": null, "alias": null}, {"name": "PatientCount", "type": "float", "description": null, "expression": null, "alias": null}, {"name": "NewPatientCount", "type": "float", "description": null, "expression": null, "alias": null}, {"name": "ReturnPatientCount", "type": "float", "description": null, "expression": null, "alias": null}, {"name": "TotalCash", "type": "float", "description": null, "expression": null, "alias": null}, {"name": "TotalCheque", "type": "float", "description": null, "expression": null, "alias": null}, {"name": "TotalElectronic", "type": "float", "description": null, "expression": null, "alias": null}, {"name": "TotalCashPatientCount", "type": "float", "description": null, "expression": null, "alias": null}, {"name": "TotalChequePatientCount", "type": "float", "description": null, "expression": null, "alias": null}, {"name": "TotalElectronicPatientCount", "type": "float", "description": null, "expression": null, "alias": null}]" dimensions="46x20">
IDOrganisation,Address,State,District,lat,lng,TotalRevenue,TotalPaid,TotalPanel,TotalPaidPatientCount,TotalPanelPatientCount,PatientCount,NewPatientCount,ReturnPatientCount,TotalCash,TotalCheque,TotalElectronic,TotalCashPatientCount,TotalChequePatientCount,TotalElectronicPatientCount
Clinic A,"No 13, Jalan Tengku Ampuan Zabedah B 9/B, Seksyen 9, 40100 Shah Alam, Selangor, Malaysia",Selangor,Shah Alam,3.0817023,101.5274006,1824510.3,509037.45,1302486.8,77.0,13728.0,16026.0,6614.0,9412.0,99420.05,6082.96,408287.65,1488.0,43.0,4796.0
Clinic B,"No 19 GF, Jalan PJS 3/48, Sri Manja Square One, 46510 Petaling Jaya, Selangor, Malaysia",Selangor,Petaling Jaya,3.0732511,101.6482664,1472371.34,508163.27,963692.67,184.0,16831.0,18799.0,6551.0,12248.0,148875.03,673.0,359275.2,2822.0,5.0,5221.0
Clinic C,"No 33G & 33 (1st Floor), Jalan 2/1, Taman Seri Jaromas, Jenjarom, 42600, Selangor Darul Ehsan, Malaysia",Selangor,Kuala Langat,2.875081,101.5022764,2747409.05,1192063.75,1554307.3,239.0,32668.0,36978.0,13492.0,23486.0,547858.3,500.0,648619.45,8340.0,5.0,8680.0
Clinic D,"564 & 565, Ground Floor, Jalan Samudra Utara 1, Taman Samudra, 68100 Batu Caves, Selangor, Malaysia",Selangor,Batu Caves,3.2355383,101.6977572,3294471.8,1379643.95,1913597.05,136.0,35911.0,40205.0,19575.0,20630.0,409631.95,0.0,971837.95,5099.0,0.0,10464.0
Clinic E,"12-G, Jalan Prima SG 1, Prima Seri Gombak, 68100 Batu Caves, Selangor, Malaysia",Selangor,Batu Caves,3.2380872,101.6997531,1474027.65,593079.95,875076.75,87.0,15516.0,17496.0,9022.0,8474.0,154635.5,63.0,439157.45,2151.0,1.0,5024.0
</table>


The following functions have already been provided. Please use them as needed and do not redefine them.
<function>
def execute_sql_query(sql_query: str) -> pd.DataFrame
    """This method connects to the database, executes the sql query and returns the dataframe"""
</function>


The user asked the following question:
### QUERY
 Plot the histogram of clinic showing for each clinic distinct count of patients

You generated the following Python code:
Python
import pandas as pd
import matplotlib.pyplot as plt
sql_query = """
SELECT 
  IDOrganisation, 
  COUNT(DISTINCT PatientCount) AS patient_count
FROM 
  table_bd4f8d5ffa8239c09831e5b997bc2753
GROUP BY 
  IDOrganisation
ORDER BY 
  patient_count DESC;
"""
df = execute_sql_query(sql_query)
plt.hist(df['patient_count'].values, bins=10)
plt.xlabel('Patient Count')
plt.ylabel('Frequency')
plt.title('Histogram of Patient Count by Clinic')
plt.savefig('exports\\charts\\temp_chart_7d5e98de-9142-4eb5-a5e8-941638e96a16.png')
result = {'type': 'plot', 'value': 'exports\\charts\\temp_chart_7d5e98de-9142-4eb5-a5e8-941638e96a16.png'}
print(result)

However, it resulted in the following error:
Traceback (most recent call last):
  File "c:\Users\User\OneDrive\Desktop\FYP-Dynamic Dashboard using LLM\venv\Lib\site-packages\pandasai\core\code_execution\code_executor.py", line 29, in execute
    exec(code, self._environment)
  File "<string>", line 1, in <module>
NameError: name 'Python' is not defined

The above exception was the direct cause of the following exception:

Traceback (most recent call last):
  File "c:\Users\User\OneDrive\Desktop\FYP-Dynamic Dashboard using LLM\venv\Lib\site-packages\pandasai\agent\base.py", line 204, in execute_with_retries
    result = self.execute_code(code)
             ^^^^^^^^^^^^^^^^^^^^^^^
  File "c:\Users\User\OneDrive\Desktop\FYP-Dynamic Dashboard using LLM\venv\Lib\site-packages\pandasai\agent\base.py", line 135, in execute_code
    return code_executor.execute_and_return_result(code)
           ^^^^^^^^^^^^^^^^^^^^^^^^^^^^^^^^^^^^^^^^^^^^^
  File "c:\Users\User\OneDrive\Desktop\FYP-Dynamic Dashboard using LLM\venv\Lib\site-packages\pandasai\core\code_execution\code_executor.py", line 38, in execute_and_return_result
    self.execute(code)
  File "c:\Users\User\OneDrive\Desktop\FYP-Dynamic Dashboard using LLM\venv\Lib\site-packages\pandasai\core\code_execution\code_executor.py", line 31, in execute
    raise CodeExecutionError("Code execution failed") from e
pandasai.exceptions.CodeExecutionError: Code execution failed


Fix the python code above and return the new python code but the code generated should use execute_sql_query function
2025-11-28 19:11:46 [INFO] Code Generated:
import pandas as pd
import matplotlib.pyplot as plt

sql_query = """
SELECT 
  IDOrganisation, 
  COUNT(DISTINCT PatientCount) AS patient_count
FROM 
  table_bd4f8d5ffa8239c09831e5b997bc2753
GROUP BY 
  IDOrganisation
ORDER BY 
  patient_count DESC;
"""
df = execute_sql_query(sql_query)
plt.hist(df['patient_count'].values, bins=10)
plt.xlabel('Patient Count')
plt.ylabel('Frequency')
plt.title('Histogram of Patient Count by Clinic')
plt.savefig('exports\\charts\\temp_chart.png')
result = {'type': 'plot', 'value': 'exports\\charts\\temp_chart.png'}
print(result)
2025-11-28 19:11:46 [INFO] Validating code requirements...
2025-11-28 19:11:46 [INFO] Code validation successful.
2025-11-28 19:11:46 [INFO] Cleaning the generated code...
2025-11-28 19:11:46 [INFO] Executing code: import pandas as pd
import matplotlib.pyplot as plt
sql_query = """
SELECT 
  IDOrganisation, 
  COUNT(DISTINCT PatientCount) AS patient_count
FROM 
  table_bd4f8d5ffa8239c09831e5b997bc2753
GROUP BY 
  IDOrganisation
ORDER BY 
  patient_count DESC;
"""
df = execute_sql_query(sql_query)
plt.hist(df['patient_count'].values, bins=10)
plt.xlabel('Patient Count')
plt.ylabel('Frequency')
plt.title('Histogram of Patient Count by Clinic')
plt.savefig('exports\\charts\\temp_chart_51bbd616-e227-418c-93c1-8cf847bb6ba8.png')
result = {'type': 'plot', 'value': 'exports\\charts\\temp_chart_51bbd616-e227-418c-93c1-8cf847bb6ba8.png'}
print(result)
2025-11-28 19:11:46 [INFO] Response generated successfully.
2025-11-28 19:18:08 [INFO] Question: plot the histogram of clinic showing each of the patient count
2025-11-28 19:18:09 [INFO] Running PandasAI with litellm LLM...
2025-11-28 19:18:09 [INFO] Prompt ID: e820398c-a26d-48be-a468-dd1eaabe70ab
2025-11-28 19:18:09 [INFO] Generating new code...
2025-11-28 19:18:09 [INFO] Using Prompt: <tables>

<table dialect="duckdb" table_name="table_bd4f8d5ffa8239c09831e5b997bc2753" columns="[{"name": "IDOrganisation", "type": "string", "description": null, "expression": null, "alias": null}, {"name": "Address", "type": "string", "description": null, "expression": null, "alias": null}, {"name": "State", "type": "string", "description": null, "expression": null, "alias": null}, {"name": "District", "type": "string", "description": null, "expression": null, "alias": null}, {"name": "lat", "type": "float", "description": null, "expression": null, "alias": null}, {"name": "lng", "type": "float", "description": null, "expression": null, "alias": null}, {"name": "TotalRevenue", "type": "float", "description": null, "expression": null, "alias": null}, {"name": "TotalPaid", "type": "float", "description": null, "expression": null, "alias": null}, {"name": "TotalPanel", "type": "float", "description": null, "expression": null, "alias": null}, {"name": "TotalPaidPatientCount", "type": "float", "description": null, "expression": null, "alias": null}, {"name": "TotalPanelPatientCount", "type": "float", "description": null, "expression": null, "alias": null}, {"name": "PatientCount", "type": "float", "description": null, "expression": null, "alias": null}, {"name": "NewPatientCount", "type": "float", "description": null, "expression": null, "alias": null}, {"name": "ReturnPatientCount", "type": "float", "description": null, "expression": null, "alias": null}, {"name": "TotalCash", "type": "float", "description": null, "expression": null, "alias": null}, {"name": "TotalCheque", "type": "float", "description": null, "expression": null, "alias": null}, {"name": "TotalElectronic", "type": "float", "description": null, "expression": null, "alias": null}, {"name": "TotalCashPatientCount", "type": "float", "description": null, "expression": null, "alias": null}, {"name": "TotalChequePatientCount", "type": "float", "description": null, "expression": null, "alias": null}, {"name": "TotalElectronicPatientCount", "type": "float", "description": null, "expression": null, "alias": null}]" dimensions="46x20">
IDOrganisation,Address,State,District,lat,lng,TotalRevenue,TotalPaid,TotalPanel,TotalPaidPatientCount,TotalPanelPatientCount,PatientCount,NewPatientCount,ReturnPatientCount,TotalCash,TotalCheque,TotalElectronic,TotalCashPatientCount,TotalChequePatientCount,TotalElectronicPatientCount
Clinic A,"No 13, Jalan Tengku Ampuan Zabedah B 9/B, Seksyen 9, 40100 Shah Alam, Selangor, Malaysia",Selangor,Shah Alam,3.0817023,101.5274006,1824510.3,509037.45,1302486.8,77.0,13728.0,16026.0,6614.0,9412.0,99420.05,6082.96,408287.65,1488.0,43.0,4796.0
Clinic B,"No 19 GF, Jalan PJS 3/48, Sri Manja Square One, 46510 Petaling Jaya, Selangor, Malaysia",Selangor,Petaling Jaya,3.0732511,101.6482664,1472371.34,508163.27,963692.67,184.0,16831.0,18799.0,6551.0,12248.0,148875.03,673.0,359275.2,2822.0,5.0,5221.0
Clinic C,"No 33G & 33 (1st Floor), Jalan 2/1, Taman Seri Jaromas, Jenjarom, 42600, Selangor Darul Ehsan, Malaysia",Selangor,Kuala Langat,2.875081,101.5022764,2747409.05,1192063.75,1554307.3,239.0,32668.0,36978.0,13492.0,23486.0,547858.3,500.0,648619.45,8340.0,5.0,8680.0
Clinic D,"564 & 565, Ground Floor, Jalan Samudra Utara 1, Taman Samudra, 68100 Batu Caves, Selangor, Malaysia",Selangor,Batu Caves,3.2355383,101.6977572,3294471.8,1379643.95,1913597.05,136.0,35911.0,40205.0,19575.0,20630.0,409631.95,0.0,971837.95,5099.0,0.0,10464.0
Clinic E,"12-G, Jalan Prima SG 1, Prima Seri Gombak, 68100 Batu Caves, Selangor, Malaysia",Selangor,Batu Caves,3.2380872,101.6997531,1474027.65,593079.95,875076.75,87.0,15516.0,17496.0,9022.0,8474.0,154635.5,63.0,439157.45,2151.0,1.0,5024.0
</table>


</tables>

The following functions have already been provided. Please use them as needed and do not redefine them.
<function>
def execute_sql_query(sql_query: str) -> pd.DataFrame
    """This method connects to the database, executes the sql query and returns the dataframe"""
</function>



Update this initial code:
```python
# TODO: import the required dependencies
import pandas as pd

# Write code here

# Declare result var: 
type (possible values "string", "number", "dataframe", "plot"). Examples: { "type": "string", "value": f"The highest salary is {highest_salary}." } or { "type": "number", "value": 125 } or { "type": "dataframe", "value": pd.DataFrame({...}) } or { "type": "plot", "value": "temp_chart.png" }

```



### QUERY
 plot the histogram of clinic showing each of the patient count

At the end, declare "result" variable as a dictionary of type and value in the following format:

type (possible values "string", "number", "dataframe", "plot"). Examples: { "type": "string", "value": f"The highest salary is {highest_salary}." } or { "type": "number", "value": 125 } or { "type": "dataframe", "value": pd.DataFrame({...}) } or { "type": "plot", "value": "temp_chart.png" }



Generate python code and return full updated code:

### Note: Use only relevant table for query and do aggregation, sorting, joins and grouby through sql query
2025-11-28 19:18:43 [INFO] Code Generated:
# Import required dependencies
import pandas as pd
import matplotlib.pyplot as plt

# Load the data from the DuckDB table into a Pandas DataFrame
df = execute_sql_query("SELECT PatientCount FROM table_bd4f8d5ffa8239c09831e5b997bc2753")

# Group the data by clinic and calculate the sum of patient counts for each clinic
clinic_patient_counts = df.groupby('IDOrganisation')['PatientCount'].sum().reset_index()

# Plot a histogram of patient counts for each clinic
plt.hist(clinic_patient_counts['PatientCount'], bins=50)
plt.xlabel('Patient Count')
plt.ylabel('Frequency')
plt.title('Histogram of Patient Counts by Clinic')

# Save the plot to a file
plt.savefig('patient_count_histogram.png')

# Declare the result variable as a dictionary with type "plot" and value the filename
result = {"type": "plot", "value": 'patient_count_histogram.png'}

print(result)
2025-11-28 19:18:43 [INFO] Validating code requirements...
2025-11-28 19:18:43 [INFO] Code validation successful.
2025-11-28 19:18:43 [INFO] Cleaning the generated code...
2025-11-28 19:18:43 [INFO] Executing code: import pandas as pd
import matplotlib.pyplot as plt
df = execute_sql_query('SELECT PatientCount FROM table_bd4f8d5ffa8239c09831e5b997bc2753')
clinic_patient_counts = df.groupby('IDOrganisation')['PatientCount'].sum().reset_index()
plt.hist(clinic_patient_counts['PatientCount'], bins=50)
plt.xlabel('Patient Count')
plt.ylabel('Frequency')
plt.title('Histogram of Patient Counts by Clinic')
plt.savefig('exports\\charts\\temp_chart_743a380b-b01e-4d35-9290-a7bfa2f8eb5f.png')
result = {'type': 'plot', 'value': 'exports\\charts\\temp_chart_743a380b-b01e-4d35-9290-a7bfa2f8eb5f.png'}
print(result)
2025-11-28 19:18:43 [INFO] Retrying execution (1/3)...
2025-11-28 19:18:43 [INFO] Execution failed with error: Traceback (most recent call last):
  File "C:\Users\User\OneDrive\Desktop\FYP-Dynamic Dashboard using LLM\venv\Lib\site-packages\pandasai\core\code_execution\code_executor.py", line 29, in execute
    exec(code, self._environment)
  File "<string>", line 4, in <module>
  File "C:\Users\User\OneDrive\Desktop\FYP-Dynamic Dashboard using LLM\venv\Lib\site-packages\pandas\core\frame.py", line 9210, in groupby
    return DataFrameGroupBy(
           ^^^^^^^^^^^^^^^^^
  File "C:\Users\User\OneDrive\Desktop\FYP-Dynamic Dashboard using LLM\venv\Lib\site-packages\pandas\core\groupby\groupby.py", line 1331, in __init__
    grouper, exclusions, obj = get_grouper(
                               ^^^^^^^^^^^^
  File "C:\Users\User\OneDrive\Desktop\FYP-Dynamic Dashboard using LLM\venv\Lib\site-packages\pandas\core\groupby\grouper.py", line 1043, in get_grouper
    raise KeyError(gpr)
KeyError: 'IDOrganisation'

The above exception was the direct cause of the following exception:

Traceback (most recent call last):
  File "C:\Users\User\OneDrive\Desktop\FYP-Dynamic Dashboard using LLM\venv\Lib\site-packages\pandasai\agent\base.py", line 204, in execute_with_retries
    result = self.execute_code(code)
             ^^^^^^^^^^^^^^^^^^^^^^^
  File "C:\Users\User\OneDrive\Desktop\FYP-Dynamic Dashboard using LLM\venv\Lib\site-packages\pandasai\agent\base.py", line 135, in execute_code
    return code_executor.execute_and_return_result(code)
           ^^^^^^^^^^^^^^^^^^^^^^^^^^^^^^^^^^^^^^^^^^^^^
  File "C:\Users\User\OneDrive\Desktop\FYP-Dynamic Dashboard using LLM\venv\Lib\site-packages\pandasai\core\code_execution\code_executor.py", line 38, in execute_and_return_result
    self.execute(code)
  File "C:\Users\User\OneDrive\Desktop\FYP-Dynamic Dashboard using LLM\venv\Lib\site-packages\pandasai\core\code_execution\code_executor.py", line 31, in execute
    raise CodeExecutionError("Code execution failed") from e
pandasai.exceptions.CodeExecutionError: Code execution failed

2025-11-28 19:18:44 [INFO] Using Prompt: <table dialect="duckdb" table_name="table_bd4f8d5ffa8239c09831e5b997bc2753" columns="[{"name": "IDOrganisation", "type": "string", "description": null, "expression": null, "alias": null}, {"name": "Address", "type": "string", "description": null, "expression": null, "alias": null}, {"name": "State", "type": "string", "description": null, "expression": null, "alias": null}, {"name": "District", "type": "string", "description": null, "expression": null, "alias": null}, {"name": "lat", "type": "float", "description": null, "expression": null, "alias": null}, {"name": "lng", "type": "float", "description": null, "expression": null, "alias": null}, {"name": "TotalRevenue", "type": "float", "description": null, "expression": null, "alias": null}, {"name": "TotalPaid", "type": "float", "description": null, "expression": null, "alias": null}, {"name": "TotalPanel", "type": "float", "description": null, "expression": null, "alias": null}, {"name": "TotalPaidPatientCount", "type": "float", "description": null, "expression": null, "alias": null}, {"name": "TotalPanelPatientCount", "type": "float", "description": null, "expression": null, "alias": null}, {"name": "PatientCount", "type": "float", "description": null, "expression": null, "alias": null}, {"name": "NewPatientCount", "type": "float", "description": null, "expression": null, "alias": null}, {"name": "ReturnPatientCount", "type": "float", "description": null, "expression": null, "alias": null}, {"name": "TotalCash", "type": "float", "description": null, "expression": null, "alias": null}, {"name": "TotalCheque", "type": "float", "description": null, "expression": null, "alias": null}, {"name": "TotalElectronic", "type": "float", "description": null, "expression": null, "alias": null}, {"name": "TotalCashPatientCount", "type": "float", "description": null, "expression": null, "alias": null}, {"name": "TotalChequePatientCount", "type": "float", "description": null, "expression": null, "alias": null}, {"name": "TotalElectronicPatientCount", "type": "float", "description": null, "expression": null, "alias": null}]" dimensions="46x20">
IDOrganisation,Address,State,District,lat,lng,TotalRevenue,TotalPaid,TotalPanel,TotalPaidPatientCount,TotalPanelPatientCount,PatientCount,NewPatientCount,ReturnPatientCount,TotalCash,TotalCheque,TotalElectronic,TotalCashPatientCount,TotalChequePatientCount,TotalElectronicPatientCount
Clinic A,"No 13, Jalan Tengku Ampuan Zabedah B 9/B, Seksyen 9, 40100 Shah Alam, Selangor, Malaysia",Selangor,Shah Alam,3.0817023,101.5274006,1824510.3,509037.45,1302486.8,77.0,13728.0,16026.0,6614.0,9412.0,99420.05,6082.96,408287.65,1488.0,43.0,4796.0
Clinic B,"No 19 GF, Jalan PJS 3/48, Sri Manja Square One, 46510 Petaling Jaya, Selangor, Malaysia",Selangor,Petaling Jaya,3.0732511,101.6482664,1472371.34,508163.27,963692.67,184.0,16831.0,18799.0,6551.0,12248.0,148875.03,673.0,359275.2,2822.0,5.0,5221.0
Clinic C,"No 33G & 33 (1st Floor), Jalan 2/1, Taman Seri Jaromas, Jenjarom, 42600, Selangor Darul Ehsan, Malaysia",Selangor,Kuala Langat,2.875081,101.5022764,2747409.05,1192063.75,1554307.3,239.0,32668.0,36978.0,13492.0,23486.0,547858.3,500.0,648619.45,8340.0,5.0,8680.0
Clinic D,"564 & 565, Ground Floor, Jalan Samudra Utara 1, Taman Samudra, 68100 Batu Caves, Selangor, Malaysia",Selangor,Batu Caves,3.2355383,101.6977572,3294471.8,1379643.95,1913597.05,136.0,35911.0,40205.0,19575.0,20630.0,409631.95,0.0,971837.95,5099.0,0.0,10464.0
Clinic E,"12-G, Jalan Prima SG 1, Prima Seri Gombak, 68100 Batu Caves, Selangor, Malaysia",Selangor,Batu Caves,3.2380872,101.6997531,1474027.65,593079.95,875076.75,87.0,15516.0,17496.0,9022.0,8474.0,154635.5,63.0,439157.45,2151.0,1.0,5024.0
</table>


The following functions have already been provided. Please use them as needed and do not redefine them.
<function>
def execute_sql_query(sql_query: str) -> pd.DataFrame
    """This method connects to the database, executes the sql query and returns the dataframe"""
</function>


The user asked the following question:
### QUERY
 plot the histogram of clinic showing each of the patient count

You generated the following Python code:
import pandas as pd
import matplotlib.pyplot as plt
df = execute_sql_query('SELECT PatientCount FROM table_bd4f8d5ffa8239c09831e5b997bc2753')
clinic_patient_counts = df.groupby('IDOrganisation')['PatientCount'].sum().reset_index()
plt.hist(clinic_patient_counts['PatientCount'], bins=50)
plt.xlabel('Patient Count')
plt.ylabel('Frequency')
plt.title('Histogram of Patient Counts by Clinic')
plt.savefig('exports\\charts\\temp_chart_743a380b-b01e-4d35-9290-a7bfa2f8eb5f.png')
result = {'type': 'plot', 'value': 'exports\\charts\\temp_chart_743a380b-b01e-4d35-9290-a7bfa2f8eb5f.png'}
print(result)

However, it resulted in the following error:
Traceback (most recent call last):
  File "C:\Users\User\OneDrive\Desktop\FYP-Dynamic Dashboard using LLM\venv\Lib\site-packages\pandasai\core\code_execution\code_executor.py", line 29, in execute
    exec(code, self._environment)
  File "<string>", line 4, in <module>
  File "C:\Users\User\OneDrive\Desktop\FYP-Dynamic Dashboard using LLM\venv\Lib\site-packages\pandas\core\frame.py", line 9210, in groupby
    return DataFrameGroupBy(
           ^^^^^^^^^^^^^^^^^
  File "C:\Users\User\OneDrive\Desktop\FYP-Dynamic Dashboard using LLM\venv\Lib\site-packages\pandas\core\groupby\groupby.py", line 1331, in __init__
    grouper, exclusions, obj = get_grouper(
                               ^^^^^^^^^^^^
  File "C:\Users\User\OneDrive\Desktop\FYP-Dynamic Dashboard using LLM\venv\Lib\site-packages\pandas\core\groupby\grouper.py", line 1043, in get_grouper
    raise KeyError(gpr)
KeyError: 'IDOrganisation'

The above exception was the direct cause of the following exception:

Traceback (most recent call last):
  File "C:\Users\User\OneDrive\Desktop\FYP-Dynamic Dashboard using LLM\venv\Lib\site-packages\pandasai\agent\base.py", line 204, in execute_with_retries
    result = self.execute_code(code)
             ^^^^^^^^^^^^^^^^^^^^^^^
  File "C:\Users\User\OneDrive\Desktop\FYP-Dynamic Dashboard using LLM\venv\Lib\site-packages\pandasai\agent\base.py", line 135, in execute_code
    return code_executor.execute_and_return_result(code)
           ^^^^^^^^^^^^^^^^^^^^^^^^^^^^^^^^^^^^^^^^^^^^^
  File "C:\Users\User\OneDrive\Desktop\FYP-Dynamic Dashboard using LLM\venv\Lib\site-packages\pandasai\core\code_execution\code_executor.py", line 38, in execute_and_return_result
    self.execute(code)
  File "C:\Users\User\OneDrive\Desktop\FYP-Dynamic Dashboard using LLM\venv\Lib\site-packages\pandasai\core\code_execution\code_executor.py", line 31, in execute
    raise CodeExecutionError("Code execution failed") from e
pandasai.exceptions.CodeExecutionError: Code execution failed


Fix the python code above and return the new python code but the code generated should use execute_sql_query function
2025-11-28 19:19:04 [INFO] Code Generated:
Python
import pandas as pd
import matplotlib.pyplot as plt

df = execute_sql_query('SELECT IDOrganisation, PatientCount FROM table_bd4f8d5ffa8239c09831e5b997bc2753')
clinic_patient_counts = df.groupby('IDOrganisation')['PatientCount'].sum().reset_index()
plt.hist(clinic_patient_counts['PatientCount'], bins=50)
plt.xlabel('Patient Count')
plt.ylabel('Frequency')
plt.title('Histogram of Patient Counts by Clinic')
plt.savefig('exports\\charts\\temp_chart_743a380b-b01e-4d35-9290-a7bfa2f8eb5f.png')
result = {'type': 'plot', 'value': 'exports\\charts\\temp_chart_743a380b-b01e-4d35-9290-a7bfa2f8eb5f.png'}
print(result)
2025-11-28 19:19:04 [INFO] Validating code requirements...
2025-11-28 19:19:04 [INFO] Code validation successful.
2025-11-28 19:19:04 [INFO] Cleaning the generated code...
2025-11-28 19:19:04 [INFO] Executing code: Python
import pandas as pd
import matplotlib.pyplot as plt
df = execute_sql_query('SELECT IDOrganisation, PatientCount FROM table_bd4f8d5ffa8239c09831e5b997bc2753')
clinic_patient_counts = df.groupby('IDOrganisation')['PatientCount'].sum().reset_index()
plt.hist(clinic_patient_counts['PatientCount'], bins=50)
plt.xlabel('Patient Count')
plt.ylabel('Frequency')
plt.title('Histogram of Patient Counts by Clinic')
plt.savefig('exports\\charts\\temp_chart_d1870faf-f87c-411c-82a1-75871046dc9e.png')
result = {'type': 'plot', 'value': 'exports\\charts\\temp_chart_d1870faf-f87c-411c-82a1-75871046dc9e.png'}
print(result)
2025-11-28 19:19:04 [INFO] Retrying execution (2/3)...
2025-11-28 19:19:04 [INFO] Execution failed with error: Traceback (most recent call last):
  File "C:\Users\User\OneDrive\Desktop\FYP-Dynamic Dashboard using LLM\venv\Lib\site-packages\pandasai\core\code_execution\code_executor.py", line 29, in execute
    exec(code, self._environment)
  File "<string>", line 1, in <module>
NameError: name 'Python' is not defined

The above exception was the direct cause of the following exception:

Traceback (most recent call last):
  File "C:\Users\User\OneDrive\Desktop\FYP-Dynamic Dashboard using LLM\venv\Lib\site-packages\pandasai\agent\base.py", line 204, in execute_with_retries
    result = self.execute_code(code)
             ^^^^^^^^^^^^^^^^^^^^^^^
  File "C:\Users\User\OneDrive\Desktop\FYP-Dynamic Dashboard using LLM\venv\Lib\site-packages\pandasai\agent\base.py", line 135, in execute_code
    return code_executor.execute_and_return_result(code)
           ^^^^^^^^^^^^^^^^^^^^^^^^^^^^^^^^^^^^^^^^^^^^^
  File "C:\Users\User\OneDrive\Desktop\FYP-Dynamic Dashboard using LLM\venv\Lib\site-packages\pandasai\core\code_execution\code_executor.py", line 38, in execute_and_return_result
    self.execute(code)
  File "C:\Users\User\OneDrive\Desktop\FYP-Dynamic Dashboard using LLM\venv\Lib\site-packages\pandasai\core\code_execution\code_executor.py", line 31, in execute
    raise CodeExecutionError("Code execution failed") from e
pandasai.exceptions.CodeExecutionError: Code execution failed

2025-11-28 19:19:04 [INFO] Using Prompt: <table dialect="duckdb" table_name="table_bd4f8d5ffa8239c09831e5b997bc2753" columns="[{"name": "IDOrganisation", "type": "string", "description": null, "expression": null, "alias": null}, {"name": "Address", "type": "string", "description": null, "expression": null, "alias": null}, {"name": "State", "type": "string", "description": null, "expression": null, "alias": null}, {"name": "District", "type": "string", "description": null, "expression": null, "alias": null}, {"name": "lat", "type": "float", "description": null, "expression": null, "alias": null}, {"name": "lng", "type": "float", "description": null, "expression": null, "alias": null}, {"name": "TotalRevenue", "type": "float", "description": null, "expression": null, "alias": null}, {"name": "TotalPaid", "type": "float", "description": null, "expression": null, "alias": null}, {"name": "TotalPanel", "type": "float", "description": null, "expression": null, "alias": null}, {"name": "TotalPaidPatientCount", "type": "float", "description": null, "expression": null, "alias": null}, {"name": "TotalPanelPatientCount", "type": "float", "description": null, "expression": null, "alias": null}, {"name": "PatientCount", "type": "float", "description": null, "expression": null, "alias": null}, {"name": "NewPatientCount", "type": "float", "description": null, "expression": null, "alias": null}, {"name": "ReturnPatientCount", "type": "float", "description": null, "expression": null, "alias": null}, {"name": "TotalCash", "type": "float", "description": null, "expression": null, "alias": null}, {"name": "TotalCheque", "type": "float", "description": null, "expression": null, "alias": null}, {"name": "TotalElectronic", "type": "float", "description": null, "expression": null, "alias": null}, {"name": "TotalCashPatientCount", "type": "float", "description": null, "expression": null, "alias": null}, {"name": "TotalChequePatientCount", "type": "float", "description": null, "expression": null, "alias": null}, {"name": "TotalElectronicPatientCount", "type": "float", "description": null, "expression": null, "alias": null}]" dimensions="46x20">
IDOrganisation,Address,State,District,lat,lng,TotalRevenue,TotalPaid,TotalPanel,TotalPaidPatientCount,TotalPanelPatientCount,PatientCount,NewPatientCount,ReturnPatientCount,TotalCash,TotalCheque,TotalElectronic,TotalCashPatientCount,TotalChequePatientCount,TotalElectronicPatientCount
Clinic A,"No 13, Jalan Tengku Ampuan Zabedah B 9/B, Seksyen 9, 40100 Shah Alam, Selangor, Malaysia",Selangor,Shah Alam,3.0817023,101.5274006,1824510.3,509037.45,1302486.8,77.0,13728.0,16026.0,6614.0,9412.0,99420.05,6082.96,408287.65,1488.0,43.0,4796.0
Clinic B,"No 19 GF, Jalan PJS 3/48, Sri Manja Square One, 46510 Petaling Jaya, Selangor, Malaysia",Selangor,Petaling Jaya,3.0732511,101.6482664,1472371.34,508163.27,963692.67,184.0,16831.0,18799.0,6551.0,12248.0,148875.03,673.0,359275.2,2822.0,5.0,5221.0
Clinic C,"No 33G & 33 (1st Floor), Jalan 2/1, Taman Seri Jaromas, Jenjarom, 42600, Selangor Darul Ehsan, Malaysia",Selangor,Kuala Langat,2.875081,101.5022764,2747409.05,1192063.75,1554307.3,239.0,32668.0,36978.0,13492.0,23486.0,547858.3,500.0,648619.45,8340.0,5.0,8680.0
Clinic D,"564 & 565, Ground Floor, Jalan Samudra Utara 1, Taman Samudra, 68100 Batu Caves, Selangor, Malaysia",Selangor,Batu Caves,3.2355383,101.6977572,3294471.8,1379643.95,1913597.05,136.0,35911.0,40205.0,19575.0,20630.0,409631.95,0.0,971837.95,5099.0,0.0,10464.0
Clinic E,"12-G, Jalan Prima SG 1, Prima Seri Gombak, 68100 Batu Caves, Selangor, Malaysia",Selangor,Batu Caves,3.2380872,101.6997531,1474027.65,593079.95,875076.75,87.0,15516.0,17496.0,9022.0,8474.0,154635.5,63.0,439157.45,2151.0,1.0,5024.0
</table>


The following functions have already been provided. Please use them as needed and do not redefine them.
<function>
def execute_sql_query(sql_query: str) -> pd.DataFrame
    """This method connects to the database, executes the sql query and returns the dataframe"""
</function>


The user asked the following question:
### QUERY
 plot the histogram of clinic showing each of the patient count

You generated the following Python code:
Python
import pandas as pd
import matplotlib.pyplot as plt
df = execute_sql_query('SELECT IDOrganisation, PatientCount FROM table_bd4f8d5ffa8239c09831e5b997bc2753')
clinic_patient_counts = df.groupby('IDOrganisation')['PatientCount'].sum().reset_index()
plt.hist(clinic_patient_counts['PatientCount'], bins=50)
plt.xlabel('Patient Count')
plt.ylabel('Frequency')
plt.title('Histogram of Patient Counts by Clinic')
plt.savefig('exports\\charts\\temp_chart_d1870faf-f87c-411c-82a1-75871046dc9e.png')
result = {'type': 'plot', 'value': 'exports\\charts\\temp_chart_d1870faf-f87c-411c-82a1-75871046dc9e.png'}
print(result)

However, it resulted in the following error:
Traceback (most recent call last):
  File "C:\Users\User\OneDrive\Desktop\FYP-Dynamic Dashboard using LLM\venv\Lib\site-packages\pandasai\core\code_execution\code_executor.py", line 29, in execute
    exec(code, self._environment)
  File "<string>", line 1, in <module>
NameError: name 'Python' is not defined

The above exception was the direct cause of the following exception:

Traceback (most recent call last):
  File "C:\Users\User\OneDrive\Desktop\FYP-Dynamic Dashboard using LLM\venv\Lib\site-packages\pandasai\agent\base.py", line 204, in execute_with_retries
    result = self.execute_code(code)
             ^^^^^^^^^^^^^^^^^^^^^^^
  File "C:\Users\User\OneDrive\Desktop\FYP-Dynamic Dashboard using LLM\venv\Lib\site-packages\pandasai\agent\base.py", line 135, in execute_code
    return code_executor.execute_and_return_result(code)
           ^^^^^^^^^^^^^^^^^^^^^^^^^^^^^^^^^^^^^^^^^^^^^
  File "C:\Users\User\OneDrive\Desktop\FYP-Dynamic Dashboard using LLM\venv\Lib\site-packages\pandasai\core\code_execution\code_executor.py", line 38, in execute_and_return_result
    self.execute(code)
  File "C:\Users\User\OneDrive\Desktop\FYP-Dynamic Dashboard using LLM\venv\Lib\site-packages\pandasai\core\code_execution\code_executor.py", line 31, in execute
    raise CodeExecutionError("Code execution failed") from e
pandasai.exceptions.CodeExecutionError: Code execution failed


Fix the python code above and return the new python code but the code generated should use execute_sql_query function
2025-11-28 19:19:28 [INFO] Code Generated:
import pandas as pd
import matplotlib.pyplot as plt

result = {'type': 'plot'}
try:
    df = execute_sql_query('SELECT IDOrganisation, PatientCount FROM table_bd4f8d5ffa8239c09831e5b997bc2753')
    clinic_patient_counts = df.groupby('IDOrganisation')['PatientCount'].sum().reset_index()
    
    plt.hist(clinic_patient_counts['PatientCount'], bins=50)
    plt.xlabel('Patient Count')
    plt.ylabel('Frequency')
    plt.title('Histogram of Patient Counts by Clinic')
    plt.savefig('exports\\charts\\temp_chart_d1870faf-f87c-411c-82a1-75871046dc9e.png')
    
    result = {'type': 'plot', 'value': 'exports\\charts\\temp_chart_d1870faf-f87c-411c-82a1-75871046dc9e.png'}
except Exception as e:
    print(f"An error occurred: {str(e)}")
    result = {'type': 'error', 'value': str(e)}

print(result)
2025-11-28 19:19:28 [INFO] Validating code requirements...
2025-11-28 19:19:28 [INFO] Code validation successful.
2025-11-28 19:19:28 [INFO] Cleaning the generated code...
2025-11-28 19:19:28 [INFO] Executing code: import pandas as pd
import matplotlib.pyplot as plt
result = {'type': 'plot'}
try:
    df = execute_sql_query('SELECT IDOrganisation, PatientCount FROM table_bd4f8d5ffa8239c09831e5b997bc2753')
    clinic_patient_counts = df.groupby('IDOrganisation')['PatientCount'].sum().reset_index()
    plt.hist(clinic_patient_counts['PatientCount'], bins=50)
    plt.xlabel('Patient Count')
    plt.ylabel('Frequency')
    plt.title('Histogram of Patient Counts by Clinic')
    plt.savefig('exports\\charts\\temp_chart_fd980209-abfe-4aa7-939c-6e19e77c974d.png')
    result = {'type': 'plot', 'value': 'exports\\charts\\temp_chart_fd980209-abfe-4aa7-939c-6e19e77c974d.png'}
except Exception as e:
    print(f'An error occurred: {str(e)}')
    result = {'type': 'error', 'value': str(e)}
print(result)
2025-11-28 19:19:29 [INFO] Response generated successfully.
2025-11-28 19:21:07 [INFO] Question: plot the histogram of clinic showing each of the patient count plotx should show the clinic and plot y show the patient count
2025-11-28 19:21:07 [INFO] Running PandasAI with litellm LLM...
2025-11-28 19:21:07 [INFO] Prompt ID: b216f7bf-f4c9-462d-82f2-7f4ef600fc39
2025-11-28 19:21:07 [INFO] Generating new code...
2025-11-28 19:21:07 [INFO] Using Prompt: <tables>

<table dialect="duckdb" table_name="table_bd4f8d5ffa8239c09831e5b997bc2753" columns="[{"name": "IDOrganisation", "type": "string", "description": null, "expression": null, "alias": null}, {"name": "Address", "type": "string", "description": null, "expression": null, "alias": null}, {"name": "State", "type": "string", "description": null, "expression": null, "alias": null}, {"name": "District", "type": "string", "description": null, "expression": null, "alias": null}, {"name": "lat", "type": "float", "description": null, "expression": null, "alias": null}, {"name": "lng", "type": "float", "description": null, "expression": null, "alias": null}, {"name": "TotalRevenue", "type": "float", "description": null, "expression": null, "alias": null}, {"name": "TotalPaid", "type": "float", "description": null, "expression": null, "alias": null}, {"name": "TotalPanel", "type": "float", "description": null, "expression": null, "alias": null}, {"name": "TotalPaidPatientCount", "type": "float", "description": null, "expression": null, "alias": null}, {"name": "TotalPanelPatientCount", "type": "float", "description": null, "expression": null, "alias": null}, {"name": "PatientCount", "type": "float", "description": null, "expression": null, "alias": null}, {"name": "NewPatientCount", "type": "float", "description": null, "expression": null, "alias": null}, {"name": "ReturnPatientCount", "type": "float", "description": null, "expression": null, "alias": null}, {"name": "TotalCash", "type": "float", "description": null, "expression": null, "alias": null}, {"name": "TotalCheque", "type": "float", "description": null, "expression": null, "alias": null}, {"name": "TotalElectronic", "type": "float", "description": null, "expression": null, "alias": null}, {"name": "TotalCashPatientCount", "type": "float", "description": null, "expression": null, "alias": null}, {"name": "TotalChequePatientCount", "type": "float", "description": null, "expression": null, "alias": null}, {"name": "TotalElectronicPatientCount", "type": "float", "description": null, "expression": null, "alias": null}]" dimensions="46x20">
IDOrganisation,Address,State,District,lat,lng,TotalRevenue,TotalPaid,TotalPanel,TotalPaidPatientCount,TotalPanelPatientCount,PatientCount,NewPatientCount,ReturnPatientCount,TotalCash,TotalCheque,TotalElectronic,TotalCashPatientCount,TotalChequePatientCount,TotalElectronicPatientCount
Clinic A,"No 13, Jalan Tengku Ampuan Zabedah B 9/B, Seksyen 9, 40100 Shah Alam, Selangor, Malaysia",Selangor,Shah Alam,3.0817023,101.5274006,1824510.3,509037.45,1302486.8,77.0,13728.0,16026.0,6614.0,9412.0,99420.05,6082.96,408287.65,1488.0,43.0,4796.0
Clinic B,"No 19 GF, Jalan PJS 3/48, Sri Manja Square One, 46510 Petaling Jaya, Selangor, Malaysia",Selangor,Petaling Jaya,3.0732511,101.6482664,1472371.34,508163.27,963692.67,184.0,16831.0,18799.0,6551.0,12248.0,148875.03,673.0,359275.2,2822.0,5.0,5221.0
Clinic C,"No 33G & 33 (1st Floor), Jalan 2/1, Taman Seri Jaromas, Jenjarom, 42600, Selangor Darul Ehsan, Malaysia",Selangor,Kuala Langat,2.875081,101.5022764,2747409.05,1192063.75,1554307.3,239.0,32668.0,36978.0,13492.0,23486.0,547858.3,500.0,648619.45,8340.0,5.0,8680.0
Clinic D,"564 & 565, Ground Floor, Jalan Samudra Utara 1, Taman Samudra, 68100 Batu Caves, Selangor, Malaysia",Selangor,Batu Caves,3.2355383,101.6977572,3294471.8,1379643.95,1913597.05,136.0,35911.0,40205.0,19575.0,20630.0,409631.95,0.0,971837.95,5099.0,0.0,10464.0
Clinic E,"12-G, Jalan Prima SG 1, Prima Seri Gombak, 68100 Batu Caves, Selangor, Malaysia",Selangor,Batu Caves,3.2380872,101.6997531,1474027.65,593079.95,875076.75,87.0,15516.0,17496.0,9022.0,8474.0,154635.5,63.0,439157.45,2151.0,1.0,5024.0
</table>


</tables>

The following functions have already been provided. Please use them as needed and do not redefine them.
<function>
def execute_sql_query(sql_query: str) -> pd.DataFrame
    """This method connects to the database, executes the sql query and returns the dataframe"""
</function>



Update this initial code:
```python
# TODO: import the required dependencies
import pandas as pd

# Write code here

# Declare result var: 
type (possible values "string", "number", "dataframe", "plot"). Examples: { "type": "string", "value": f"The highest salary is {highest_salary}." } or { "type": "number", "value": 125 } or { "type": "dataframe", "value": pd.DataFrame({...}) } or { "type": "plot", "value": "temp_chart.png" }

```



### QUERY
 plot the histogram of clinic showing each of the patient count plotx should show the clinic and plot y show the patient count

At the end, declare "result" variable as a dictionary of type and value in the following format:

type (possible values "string", "number", "dataframe", "plot"). Examples: { "type": "string", "value": f"The highest salary is {highest_salary}." } or { "type": "number", "value": 125 } or { "type": "dataframe", "value": pd.DataFrame({...}) } or { "type": "plot", "value": "temp_chart.png" }



Generate python code and return full updated code:

### Note: Use only relevant table for query and do aggregation, sorting, joins and grouby through sql query
2025-11-28 19:21:34 [INFO] Code Generated:
# TODO: import the required dependencies
import pandas as pd
import matplotlib.pyplot as plt

# Load the data from the DuckDB table into a Pandas dataframe
df = execute_sql_query("SELECT * FROM table_bd4f8d5ffa8239c09831e5b997bc2753")

# Group the data by Clinic and calculate the total patient count for each clinic
patient_count_df = df.groupby("IDOrganisation")["PatientCount"].sum().reset_index()

# Create a histogram plot of the patient count for each clinic
plt.hist(patient_count_df["PatientCount"], bins=10)
plt.xlabel("Patient Count")
plt.ylabel("Clinic")
plt.title("Histogram of Patient Count by Clinic")

# Save the plot to a file (you can change this to display the plot instead)
plot_file = "patient_count_histogram.png"
plt.savefig(plot_file)

# Declare the result variable
result = {"type": "plot", "value": plot_file}
2025-11-28 19:21:34 [INFO] Validating code requirements...
2025-11-28 19:21:34 [INFO] Code validation successful.
2025-11-28 19:21:34 [INFO] Cleaning the generated code...
2025-11-28 19:21:34 [INFO] Executing code: import pandas as pd
import matplotlib.pyplot as plt
df = execute_sql_query('SELECT * FROM table_bd4f8d5ffa8239c09831e5b997bc2753')
patient_count_df = df.groupby('IDOrganisation')['PatientCount'].sum().reset_index()
plt.hist(patient_count_df['PatientCount'], bins=10)
plt.xlabel('Patient Count')
plt.ylabel('Clinic')
plt.title('Histogram of Patient Count by Clinic')
plot_file = 'exports\\charts\\temp_chart_58e6bdc1-f944-4c6b-8f97-f749168f768d.png'
plt.savefig(plot_file)
result = {'type': 'plot', 'value': plot_file}
2025-11-28 19:21:34 [INFO] Response generated successfully.
2025-11-28 20:35:06 [INFO] Question: plot the histogram of clinic showing total revenue
2025-11-28 20:35:08 [INFO] Running PandasAI with litellm LLM...
2025-11-28 20:35:08 [INFO] Prompt ID: 55b5e28c-6534-4416-994f-9e486c6ec8eb
2025-11-28 20:35:08 [INFO] Generating new code...
2025-11-28 20:35:08 [INFO] Using Prompt: <tables>

<table dialect="duckdb" table_name="table_bd4f8d5ffa8239c09831e5b997bc2753" columns="[{"name": "IDOrganisation", "type": "string", "description": null, "expression": null, "alias": null}, {"name": "Address", "type": "string", "description": null, "expression": null, "alias": null}, {"name": "State", "type": "string", "description": null, "expression": null, "alias": null}, {"name": "District", "type": "string", "description": null, "expression": null, "alias": null}, {"name": "lat", "type": "float", "description": null, "expression": null, "alias": null}, {"name": "lng", "type": "float", "description": null, "expression": null, "alias": null}, {"name": "TotalRevenue", "type": "float", "description": null, "expression": null, "alias": null}, {"name": "TotalPaid", "type": "float", "description": null, "expression": null, "alias": null}, {"name": "TotalPanel", "type": "float", "description": null, "expression": null, "alias": null}, {"name": "TotalPaidPatientCount", "type": "float", "description": null, "expression": null, "alias": null}, {"name": "TotalPanelPatientCount", "type": "float", "description": null, "expression": null, "alias": null}, {"name": "PatientCount", "type": "float", "description": null, "expression": null, "alias": null}, {"name": "NewPatientCount", "type": "float", "description": null, "expression": null, "alias": null}, {"name": "ReturnPatientCount", "type": "float", "description": null, "expression": null, "alias": null}, {"name": "TotalCash", "type": "float", "description": null, "expression": null, "alias": null}, {"name": "TotalCheque", "type": "float", "description": null, "expression": null, "alias": null}, {"name": "TotalElectronic", "type": "float", "description": null, "expression": null, "alias": null}, {"name": "TotalCashPatientCount", "type": "float", "description": null, "expression": null, "alias": null}, {"name": "TotalChequePatientCount", "type": "float", "description": null, "expression": null, "alias": null}, {"name": "TotalElectronicPatientCount", "type": "float", "description": null, "expression": null, "alias": null}]" dimensions="46x20">
IDOrganisation,Address,State,District,lat,lng,TotalRevenue,TotalPaid,TotalPanel,TotalPaidPatientCount,TotalPanelPatientCount,PatientCount,NewPatientCount,ReturnPatientCount,TotalCash,TotalCheque,TotalElectronic,TotalCashPatientCount,TotalChequePatientCount,TotalElectronicPatientCount
Clinic A,"No 13, Jalan Tengku Ampuan Zabedah B 9/B, Seksyen 9, 40100 Shah Alam, Selangor, Malaysia",Selangor,Shah Alam,3.0817023,101.5274006,1824510.3,509037.45,1302486.8,77.0,13728.0,16026.0,6614.0,9412.0,99420.05,6082.96,408287.65,1488.0,43.0,4796.0
Clinic B,"No 19 GF, Jalan PJS 3/48, Sri Manja Square One, 46510 Petaling Jaya, Selangor, Malaysia",Selangor,Petaling Jaya,3.0732511,101.6482664,1472371.34,508163.27,963692.67,184.0,16831.0,18799.0,6551.0,12248.0,148875.03,673.0,359275.2,2822.0,5.0,5221.0
Clinic C,"No 33G & 33 (1st Floor), Jalan 2/1, Taman Seri Jaromas, Jenjarom, 42600, Selangor Darul Ehsan, Malaysia",Selangor,Kuala Langat,2.875081,101.5022764,2747409.05,1192063.75,1554307.3,239.0,32668.0,36978.0,13492.0,23486.0,547858.3,500.0,648619.45,8340.0,5.0,8680.0
Clinic D,"564 & 565, Ground Floor, Jalan Samudra Utara 1, Taman Samudra, 68100 Batu Caves, Selangor, Malaysia",Selangor,Batu Caves,3.2355383,101.6977572,3294471.8,1379643.95,1913597.05,136.0,35911.0,40205.0,19575.0,20630.0,409631.95,0.0,971837.95,5099.0,0.0,10464.0
Clinic E,"12-G, Jalan Prima SG 1, Prima Seri Gombak, 68100 Batu Caves, Selangor, Malaysia",Selangor,Batu Caves,3.2380872,101.6997531,1474027.65,593079.95,875076.75,87.0,15516.0,17496.0,9022.0,8474.0,154635.5,63.0,439157.45,2151.0,1.0,5024.0
</table>


</tables>

The following functions have already been provided. Please use them as needed and do not redefine them.
<function>
def execute_sql_query(sql_query: str) -> pd.DataFrame
    """This method connects to the database, executes the sql query and returns the dataframe"""
</function>



Update this initial code:
```python
# TODO: import the required dependencies
import pandas as pd

# Write code here

# Declare result var: 
type (possible values "string", "number", "dataframe", "plot"). Examples: { "type": "string", "value": f"The highest salary is {highest_salary}." } or { "type": "number", "value": 125 } or { "type": "dataframe", "value": pd.DataFrame({...}) } or { "type": "plot", "value": "temp_chart.png" }

```



### QUERY
 plot the histogram of clinic showing total revenue

At the end, declare "result" variable as a dictionary of type and value in the following format:

type (possible values "string", "number", "dataframe", "plot"). Examples: { "type": "string", "value": f"The highest salary is {highest_salary}." } or { "type": "number", "value": 125 } or { "type": "dataframe", "value": pd.DataFrame({...}) } or { "type": "plot", "value": "temp_chart.png" }



Generate python code and return full updated code:

### Note: Use only relevant table for query and do aggregation, sorting, joins and grouby through sql query
2025-11-28 20:35:28 [INFO] Code Generated:
# Import required dependencies
import pandas as pd
import matplotlib.pyplot as plt

# Define the SQL query to retrieve the data
sql_query = """
SELECT 
    Address, 
    State, 
    District, 
    TotalRevenue
FROM 
    table_bd4f8d5ffa8239c09831e5b997bc2753
GROUP BY 
    Address, 
    State, 
    District
ORDER BY 
    TotalRevenue DESC;
"""

# Execute the SQL query and retrieve the data as a Pandas DataFrame
df = execute_sql_query(sql_query)

# Plot the histogram of clinic showing total revenue
plt.hist(df['TotalRevenue'], bins=50)
plt.xlabel('Total Revenue')
plt.ylabel('Frequency')
plt.title('Histogram of Clinic Total Revenue')
plt.show()

# Declare the result variable in the required format
result = {"type": "plot", "value": "total_revenue_histogram.png"}
2025-11-28 20:35:28 [INFO] Validating code requirements...
2025-11-28 20:35:28 [INFO] Code validation successful.
2025-11-28 20:35:28 [INFO] Cleaning the generated code...
2025-11-28 20:35:28 [INFO] Executing code: import pandas as pd
import matplotlib.pyplot as plt
sql_query = """
SELECT 
    Address, 
    State, 
    District, 
    TotalRevenue
FROM 
    table_bd4f8d5ffa8239c09831e5b997bc2753
GROUP BY 
    Address, 
    State, 
    District
ORDER BY 
    TotalRevenue DESC;
"""
df = execute_sql_query(sql_query)
plt.hist(df['TotalRevenue'], bins=50)
plt.xlabel('Total Revenue')
plt.ylabel('Frequency')
plt.title('Histogram of Clinic Total Revenue')
result = {'type': 'plot', 'value': 'exports\\charts\\temp_chart_c6f3ef2f-a258-41f6-b14e-b85c5a957e41.png'}
2025-11-28 20:35:29 [INFO] Retrying execution (1/3)...
2025-11-28 20:35:29 [INFO] Execution failed with error: Traceback (most recent call last):
  File "C:\Users\User\OneDrive\Desktop\FYP-Dynamic Dashboard using LLM\venv\Lib\site-packages\pandasai\core\code_execution\code_executor.py", line 29, in execute
    exec(code, self._environment)
  File "<string>", line 18, in <module>
  File "C:\Users\User\OneDrive\Desktop\FYP-Dynamic Dashboard using LLM\venv\Lib\site-packages\pandasai\agent\base.py", line 167, in _execute_sql_query
    return db_manager.sql(final_query).df()
           ^^^^^^^^^^^^^^^^^^^^^^^^^^^
  File "C:\Users\User\OneDrive\Desktop\FYP-Dynamic Dashboard using LLM\venv\Lib\site-packages\pandasai\data_loader\duck_db_connection_manager.py", line 32, in sql
    return self.connection.sql(query, params=params)
           ^^^^^^^^^^^^^^^^^^^^^^^^^^^^^^^^^^^^^^^^^
_duckdb.BinderException: Binder Error: column "TotalRevenue" must appear in the GROUP BY clause or must be part of an aggregate function.
Either add it to the GROUP BY list, or use "ANY_VALUE(TotalRevenue)" if the exact value of "TotalRevenue" is not important.

The above exception was the direct cause of the following exception:

Traceback (most recent call last):
  File "C:\Users\User\OneDrive\Desktop\FYP-Dynamic Dashboard using LLM\venv\Lib\site-packages\pandasai\agent\base.py", line 204, in execute_with_retries
    result = self.execute_code(code)
             ^^^^^^^^^^^^^^^^^^^^^^^
  File "C:\Users\User\OneDrive\Desktop\FYP-Dynamic Dashboard using LLM\venv\Lib\site-packages\pandasai\agent\base.py", line 135, in execute_code
    return code_executor.execute_and_return_result(code)
           ^^^^^^^^^^^^^^^^^^^^^^^^^^^^^^^^^^^^^^^^^^^^^
  File "C:\Users\User\OneDrive\Desktop\FYP-Dynamic Dashboard using LLM\venv\Lib\site-packages\pandasai\core\code_execution\code_executor.py", line 38, in execute_and_return_result
    self.execute(code)
  File "C:\Users\User\OneDrive\Desktop\FYP-Dynamic Dashboard using LLM\venv\Lib\site-packages\pandasai\core\code_execution\code_executor.py", line 31, in execute
    raise CodeExecutionError("Code execution failed") from e
pandasai.exceptions.CodeExecutionError: Code execution failed

2025-11-28 20:35:29 [INFO] Using Prompt: <table dialect="duckdb" table_name="table_bd4f8d5ffa8239c09831e5b997bc2753" columns="[{"name": "IDOrganisation", "type": "string", "description": null, "expression": null, "alias": null}, {"name": "Address", "type": "string", "description": null, "expression": null, "alias": null}, {"name": "State", "type": "string", "description": null, "expression": null, "alias": null}, {"name": "District", "type": "string", "description": null, "expression": null, "alias": null}, {"name": "lat", "type": "float", "description": null, "expression": null, "alias": null}, {"name": "lng", "type": "float", "description": null, "expression": null, "alias": null}, {"name": "TotalRevenue", "type": "float", "description": null, "expression": null, "alias": null}, {"name": "TotalPaid", "type": "float", "description": null, "expression": null, "alias": null}, {"name": "TotalPanel", "type": "float", "description": null, "expression": null, "alias": null}, {"name": "TotalPaidPatientCount", "type": "float", "description": null, "expression": null, "alias": null}, {"name": "TotalPanelPatientCount", "type": "float", "description": null, "expression": null, "alias": null}, {"name": "PatientCount", "type": "float", "description": null, "expression": null, "alias": null}, {"name": "NewPatientCount", "type": "float", "description": null, "expression": null, "alias": null}, {"name": "ReturnPatientCount", "type": "float", "description": null, "expression": null, "alias": null}, {"name": "TotalCash", "type": "float", "description": null, "expression": null, "alias": null}, {"name": "TotalCheque", "type": "float", "description": null, "expression": null, "alias": null}, {"name": "TotalElectronic", "type": "float", "description": null, "expression": null, "alias": null}, {"name": "TotalCashPatientCount", "type": "float", "description": null, "expression": null, "alias": null}, {"name": "TotalChequePatientCount", "type": "float", "description": null, "expression": null, "alias": null}, {"name": "TotalElectronicPatientCount", "type": "float", "description": null, "expression": null, "alias": null}]" dimensions="46x20">
IDOrganisation,Address,State,District,lat,lng,TotalRevenue,TotalPaid,TotalPanel,TotalPaidPatientCount,TotalPanelPatientCount,PatientCount,NewPatientCount,ReturnPatientCount,TotalCash,TotalCheque,TotalElectronic,TotalCashPatientCount,TotalChequePatientCount,TotalElectronicPatientCount
Clinic A,"No 13, Jalan Tengku Ampuan Zabedah B 9/B, Seksyen 9, 40100 Shah Alam, Selangor, Malaysia",Selangor,Shah Alam,3.0817023,101.5274006,1824510.3,509037.45,1302486.8,77.0,13728.0,16026.0,6614.0,9412.0,99420.05,6082.96,408287.65,1488.0,43.0,4796.0
Clinic B,"No 19 GF, Jalan PJS 3/48, Sri Manja Square One, 46510 Petaling Jaya, Selangor, Malaysia",Selangor,Petaling Jaya,3.0732511,101.6482664,1472371.34,508163.27,963692.67,184.0,16831.0,18799.0,6551.0,12248.0,148875.03,673.0,359275.2,2822.0,5.0,5221.0
Clinic C,"No 33G & 33 (1st Floor), Jalan 2/1, Taman Seri Jaromas, Jenjarom, 42600, Selangor Darul Ehsan, Malaysia",Selangor,Kuala Langat,2.875081,101.5022764,2747409.05,1192063.75,1554307.3,239.0,32668.0,36978.0,13492.0,23486.0,547858.3,500.0,648619.45,8340.0,5.0,8680.0
Clinic D,"564 & 565, Ground Floor, Jalan Samudra Utara 1, Taman Samudra, 68100 Batu Caves, Selangor, Malaysia",Selangor,Batu Caves,3.2355383,101.6977572,3294471.8,1379643.95,1913597.05,136.0,35911.0,40205.0,19575.0,20630.0,409631.95,0.0,971837.95,5099.0,0.0,10464.0
Clinic E,"12-G, Jalan Prima SG 1, Prima Seri Gombak, 68100 Batu Caves, Selangor, Malaysia",Selangor,Batu Caves,3.2380872,101.6997531,1474027.65,593079.95,875076.75,87.0,15516.0,17496.0,9022.0,8474.0,154635.5,63.0,439157.45,2151.0,1.0,5024.0
</table>


The following functions have already been provided. Please use them as needed and do not redefine them.
<function>
def execute_sql_query(sql_query: str) -> pd.DataFrame
    """This method connects to the database, executes the sql query and returns the dataframe"""
</function>


The user asked the following question:
### QUERY
 plot the histogram of clinic showing total revenue

You generated the following Python code:
import pandas as pd
import matplotlib.pyplot as plt
sql_query = """
SELECT 
    Address, 
    State, 
    District, 
    TotalRevenue
FROM 
    table_bd4f8d5ffa8239c09831e5b997bc2753
GROUP BY 
    Address, 
    State, 
    District
ORDER BY 
    TotalRevenue DESC;
"""
df = execute_sql_query(sql_query)
plt.hist(df['TotalRevenue'], bins=50)
plt.xlabel('Total Revenue')
plt.ylabel('Frequency')
plt.title('Histogram of Clinic Total Revenue')
result = {'type': 'plot', 'value': 'exports\\charts\\temp_chart_c6f3ef2f-a258-41f6-b14e-b85c5a957e41.png'}

However, it resulted in the following error:
Traceback (most recent call last):
  File "C:\Users\User\OneDrive\Desktop\FYP-Dynamic Dashboard using LLM\venv\Lib\site-packages\pandasai\core\code_execution\code_executor.py", line 29, in execute
    exec(code, self._environment)
  File "<string>", line 18, in <module>
  File "C:\Users\User\OneDrive\Desktop\FYP-Dynamic Dashboard using LLM\venv\Lib\site-packages\pandasai\agent\base.py", line 167, in _execute_sql_query
    return db_manager.sql(final_query).df()
           ^^^^^^^^^^^^^^^^^^^^^^^^^^^
  File "C:\Users\User\OneDrive\Desktop\FYP-Dynamic Dashboard using LLM\venv\Lib\site-packages\pandasai\data_loader\duck_db_connection_manager.py", line 32, in sql
    return self.connection.sql(query, params=params)
           ^^^^^^^^^^^^^^^^^^^^^^^^^^^^^^^^^^^^^^^^^
_duckdb.BinderException: Binder Error: column "TotalRevenue" must appear in the GROUP BY clause or must be part of an aggregate function.
Either add it to the GROUP BY list, or use "ANY_VALUE(TotalRevenue)" if the exact value of "TotalRevenue" is not important.

The above exception was the direct cause of the following exception:

Traceback (most recent call last):
  File "C:\Users\User\OneDrive\Desktop\FYP-Dynamic Dashboard using LLM\venv\Lib\site-packages\pandasai\agent\base.py", line 204, in execute_with_retries
    result = self.execute_code(code)
             ^^^^^^^^^^^^^^^^^^^^^^^
  File "C:\Users\User\OneDrive\Desktop\FYP-Dynamic Dashboard using LLM\venv\Lib\site-packages\pandasai\agent\base.py", line 135, in execute_code
    return code_executor.execute_and_return_result(code)
           ^^^^^^^^^^^^^^^^^^^^^^^^^^^^^^^^^^^^^^^^^^^^^
  File "C:\Users\User\OneDrive\Desktop\FYP-Dynamic Dashboard using LLM\venv\Lib\site-packages\pandasai\core\code_execution\code_executor.py", line 38, in execute_and_return_result
    self.execute(code)
  File "C:\Users\User\OneDrive\Desktop\FYP-Dynamic Dashboard using LLM\venv\Lib\site-packages\pandasai\core\code_execution\code_executor.py", line 31, in execute
    raise CodeExecutionError("Code execution failed") from e
pandasai.exceptions.CodeExecutionError: Code execution failed


Fix the python code above and return the new python code but the code generated should use execute_sql_query function
2025-11-28 20:35:49 [INFO] Code Generated:
Python
import pandas as pd
import matplotlib.pyplot as plt

sql_query = """
SELECT 
    IDOrganisation, 
    Address, 
    State, 
    District, 
    AVG(TotalRevenue) AS TotalRevenue
FROM 
    table_bd4f8d5ffa8239c09831e5b997bc2753
GROUP BY 
    IDOrganisation, 
    Address, 
    State, 
    District;
"""
df = execute_sql_query(sql_query)
plt.hist(df['TotalRevenue'], bins=50)
plt.xlabel('Total Revenue')
plt.ylabel('Frequency')
plt.title('Histogram of Clinic Total Revenue')
result = {'type': 'plot', 'value': 'exports\\charts\\temp_chart_c6f3ef2f-a258-41f6-b14e-b85c5a957e41.png'}
2025-11-28 20:35:49 [INFO] Validating code requirements...
2025-11-28 20:35:49 [INFO] Code validation successful.
2025-11-28 20:35:49 [INFO] Cleaning the generated code...
2025-11-28 20:35:49 [INFO] Executing code: Python
import pandas as pd
import matplotlib.pyplot as plt
sql_query = """
SELECT 
    IDOrganisation, 
    Address, 
    State, 
    District, 
    AVG(TotalRevenue) AS TotalRevenue
FROM 
    table_bd4f8d5ffa8239c09831e5b997bc2753
GROUP BY 
    IDOrganisation, 
    Address, 
    State, 
    District;
"""
df = execute_sql_query(sql_query)
plt.hist(df['TotalRevenue'], bins=50)
plt.xlabel('Total Revenue')
plt.ylabel('Frequency')
plt.title('Histogram of Clinic Total Revenue')
result = {'type': 'plot', 'value': 'exports\\charts\\temp_chart_e79ada02-ac72-4947-a96c-c037929ddb3e.png'}
2025-11-28 20:35:49 [INFO] Retrying execution (2/3)...
2025-11-28 20:35:49 [INFO] Execution failed with error: Traceback (most recent call last):
  File "C:\Users\User\OneDrive\Desktop\FYP-Dynamic Dashboard using LLM\venv\Lib\site-packages\pandasai\core\code_execution\code_executor.py", line 29, in execute
    exec(code, self._environment)
  File "<string>", line 1, in <module>
NameError: name 'Python' is not defined

The above exception was the direct cause of the following exception:

Traceback (most recent call last):
  File "C:\Users\User\OneDrive\Desktop\FYP-Dynamic Dashboard using LLM\venv\Lib\site-packages\pandasai\agent\base.py", line 204, in execute_with_retries
    result = self.execute_code(code)
             ^^^^^^^^^^^^^^^^^^^^^^^
  File "C:\Users\User\OneDrive\Desktop\FYP-Dynamic Dashboard using LLM\venv\Lib\site-packages\pandasai\agent\base.py", line 135, in execute_code
    return code_executor.execute_and_return_result(code)
           ^^^^^^^^^^^^^^^^^^^^^^^^^^^^^^^^^^^^^^^^^^^^^
  File "C:\Users\User\OneDrive\Desktop\FYP-Dynamic Dashboard using LLM\venv\Lib\site-packages\pandasai\core\code_execution\code_executor.py", line 38, in execute_and_return_result
    self.execute(code)
  File "C:\Users\User\OneDrive\Desktop\FYP-Dynamic Dashboard using LLM\venv\Lib\site-packages\pandasai\core\code_execution\code_executor.py", line 31, in execute
    raise CodeExecutionError("Code execution failed") from e
pandasai.exceptions.CodeExecutionError: Code execution failed

2025-11-28 20:35:49 [INFO] Using Prompt: <table dialect="duckdb" table_name="table_bd4f8d5ffa8239c09831e5b997bc2753" columns="[{"name": "IDOrganisation", "type": "string", "description": null, "expression": null, "alias": null}, {"name": "Address", "type": "string", "description": null, "expression": null, "alias": null}, {"name": "State", "type": "string", "description": null, "expression": null, "alias": null}, {"name": "District", "type": "string", "description": null, "expression": null, "alias": null}, {"name": "lat", "type": "float", "description": null, "expression": null, "alias": null}, {"name": "lng", "type": "float", "description": null, "expression": null, "alias": null}, {"name": "TotalRevenue", "type": "float", "description": null, "expression": null, "alias": null}, {"name": "TotalPaid", "type": "float", "description": null, "expression": null, "alias": null}, {"name": "TotalPanel", "type": "float", "description": null, "expression": null, "alias": null}, {"name": "TotalPaidPatientCount", "type": "float", "description": null, "expression": null, "alias": null}, {"name": "TotalPanelPatientCount", "type": "float", "description": null, "expression": null, "alias": null}, {"name": "PatientCount", "type": "float", "description": null, "expression": null, "alias": null}, {"name": "NewPatientCount", "type": "float", "description": null, "expression": null, "alias": null}, {"name": "ReturnPatientCount", "type": "float", "description": null, "expression": null, "alias": null}, {"name": "TotalCash", "type": "float", "description": null, "expression": null, "alias": null}, {"name": "TotalCheque", "type": "float", "description": null, "expression": null, "alias": null}, {"name": "TotalElectronic", "type": "float", "description": null, "expression": null, "alias": null}, {"name": "TotalCashPatientCount", "type": "float", "description": null, "expression": null, "alias": null}, {"name": "TotalChequePatientCount", "type": "float", "description": null, "expression": null, "alias": null}, {"name": "TotalElectronicPatientCount", "type": "float", "description": null, "expression": null, "alias": null}]" dimensions="46x20">
IDOrganisation,Address,State,District,lat,lng,TotalRevenue,TotalPaid,TotalPanel,TotalPaidPatientCount,TotalPanelPatientCount,PatientCount,NewPatientCount,ReturnPatientCount,TotalCash,TotalCheque,TotalElectronic,TotalCashPatientCount,TotalChequePatientCount,TotalElectronicPatientCount
Clinic A,"No 13, Jalan Tengku Ampuan Zabedah B 9/B, Seksyen 9, 40100 Shah Alam, Selangor, Malaysia",Selangor,Shah Alam,3.0817023,101.5274006,1824510.3,509037.45,1302486.8,77.0,13728.0,16026.0,6614.0,9412.0,99420.05,6082.96,408287.65,1488.0,43.0,4796.0
Clinic B,"No 19 GF, Jalan PJS 3/48, Sri Manja Square One, 46510 Petaling Jaya, Selangor, Malaysia",Selangor,Petaling Jaya,3.0732511,101.6482664,1472371.34,508163.27,963692.67,184.0,16831.0,18799.0,6551.0,12248.0,148875.03,673.0,359275.2,2822.0,5.0,5221.0
Clinic C,"No 33G & 33 (1st Floor), Jalan 2/1, Taman Seri Jaromas, Jenjarom, 42600, Selangor Darul Ehsan, Malaysia",Selangor,Kuala Langat,2.875081,101.5022764,2747409.05,1192063.75,1554307.3,239.0,32668.0,36978.0,13492.0,23486.0,547858.3,500.0,648619.45,8340.0,5.0,8680.0
Clinic D,"564 & 565, Ground Floor, Jalan Samudra Utara 1, Taman Samudra, 68100 Batu Caves, Selangor, Malaysia",Selangor,Batu Caves,3.2355383,101.6977572,3294471.8,1379643.95,1913597.05,136.0,35911.0,40205.0,19575.0,20630.0,409631.95,0.0,971837.95,5099.0,0.0,10464.0
Clinic E,"12-G, Jalan Prima SG 1, Prima Seri Gombak, 68100 Batu Caves, Selangor, Malaysia",Selangor,Batu Caves,3.2380872,101.6997531,1474027.65,593079.95,875076.75,87.0,15516.0,17496.0,9022.0,8474.0,154635.5,63.0,439157.45,2151.0,1.0,5024.0
</table>


The following functions have already been provided. Please use them as needed and do not redefine them.
<function>
def execute_sql_query(sql_query: str) -> pd.DataFrame
    """This method connects to the database, executes the sql query and returns the dataframe"""
</function>


The user asked the following question:
### QUERY
 plot the histogram of clinic showing total revenue

You generated the following Python code:
Python
import pandas as pd
import matplotlib.pyplot as plt
sql_query = """
SELECT 
    IDOrganisation, 
    Address, 
    State, 
    District, 
    AVG(TotalRevenue) AS TotalRevenue
FROM 
    table_bd4f8d5ffa8239c09831e5b997bc2753
GROUP BY 
    IDOrganisation, 
    Address, 
    State, 
    District;
"""
df = execute_sql_query(sql_query)
plt.hist(df['TotalRevenue'], bins=50)
plt.xlabel('Total Revenue')
plt.ylabel('Frequency')
plt.title('Histogram of Clinic Total Revenue')
result = {'type': 'plot', 'value': 'exports\\charts\\temp_chart_e79ada02-ac72-4947-a96c-c037929ddb3e.png'}

However, it resulted in the following error:
Traceback (most recent call last):
  File "C:\Users\User\OneDrive\Desktop\FYP-Dynamic Dashboard using LLM\venv\Lib\site-packages\pandasai\core\code_execution\code_executor.py", line 29, in execute
    exec(code, self._environment)
  File "<string>", line 1, in <module>
NameError: name 'Python' is not defined

The above exception was the direct cause of the following exception:

Traceback (most recent call last):
  File "C:\Users\User\OneDrive\Desktop\FYP-Dynamic Dashboard using LLM\venv\Lib\site-packages\pandasai\agent\base.py", line 204, in execute_with_retries
    result = self.execute_code(code)
             ^^^^^^^^^^^^^^^^^^^^^^^
  File "C:\Users\User\OneDrive\Desktop\FYP-Dynamic Dashboard using LLM\venv\Lib\site-packages\pandasai\agent\base.py", line 135, in execute_code
    return code_executor.execute_and_return_result(code)
           ^^^^^^^^^^^^^^^^^^^^^^^^^^^^^^^^^^^^^^^^^^^^^
  File "C:\Users\User\OneDrive\Desktop\FYP-Dynamic Dashboard using LLM\venv\Lib\site-packages\pandasai\core\code_execution\code_executor.py", line 38, in execute_and_return_result
    self.execute(code)
  File "C:\Users\User\OneDrive\Desktop\FYP-Dynamic Dashboard using LLM\venv\Lib\site-packages\pandasai\core\code_execution\code_executor.py", line 31, in execute
    raise CodeExecutionError("Code execution failed") from e
pandasai.exceptions.CodeExecutionError: Code execution failed


Fix the python code above and return the new python code but the code generated should use execute_sql_query function
2025-11-28 20:36:08 [INFO] Code Generated:
import pandas as pd
import matplotlib.pyplot as plt

sql_query = """
SELECT 
    IDOrganisation, 
    Address, 
    State, 
    District, 
    TotalRevenue
FROM 
    table_bd4f8d5ffa8239c09831e5b997bc2753;
"""
df = execute_sql_query(sql_query)

plt.hist(df['TotalRevenue'], bins=50)
plt.xlabel('Total Revenue')
plt.ylabel('Frequency')
plt.title('Histogram of Clinic Total Revenue')

result = {'type': 'plot', 'value': 'exports\\charts\\temp_chart_e79ada02-ac72-4947-a96c-c037929ddb3e.png'}
2025-11-28 20:36:08 [INFO] Validating code requirements...
2025-11-28 20:36:08 [INFO] Code validation successful.
2025-11-28 20:36:08 [INFO] Cleaning the generated code...
2025-11-28 20:36:08 [INFO] Executing code: import pandas as pd
import matplotlib.pyplot as plt
sql_query = """
SELECT 
    IDOrganisation, 
    Address, 
    State, 
    District, 
    TotalRevenue
FROM 
    table_bd4f8d5ffa8239c09831e5b997bc2753;
"""
df = execute_sql_query(sql_query)
plt.hist(df['TotalRevenue'], bins=50)
plt.xlabel('Total Revenue')
plt.ylabel('Frequency')
plt.title('Histogram of Clinic Total Revenue')
result = {'type': 'plot', 'value': 'exports\\charts\\temp_chart_53cf0f67-f051-4cd6-b42a-bd6cfa3bddcc.png'}
2025-11-28 20:36:08 [INFO] Response generated successfully.
2025-11-28 20:39:48 [INFO] Question: plot the histogram of clinic showing total revenue
2025-11-28 20:39:50 [INFO] Running PandasAI with litellm LLM...
2025-11-28 20:39:50 [INFO] Prompt ID: 033f9f54-689d-4a2a-8327-2ef729af6b3f
2025-11-28 20:39:50 [INFO] Generating new code...
2025-11-28 20:39:50 [INFO] Using Prompt: <tables>

<table dialect="duckdb" table_name="table_bd4f8d5ffa8239c09831e5b997bc2753" columns="[{"name": "IDOrganisation", "type": "string", "description": null, "expression": null, "alias": null}, {"name": "Address", "type": "string", "description": null, "expression": null, "alias": null}, {"name": "State", "type": "string", "description": null, "expression": null, "alias": null}, {"name": "District", "type": "string", "description": null, "expression": null, "alias": null}, {"name": "lat", "type": "float", "description": null, "expression": null, "alias": null}, {"name": "lng", "type": "float", "description": null, "expression": null, "alias": null}, {"name": "TotalRevenue", "type": "float", "description": null, "expression": null, "alias": null}, {"name": "TotalPaid", "type": "float", "description": null, "expression": null, "alias": null}, {"name": "TotalPanel", "type": "float", "description": null, "expression": null, "alias": null}, {"name": "TotalPaidPatientCount", "type": "float", "description": null, "expression": null, "alias": null}, {"name": "TotalPanelPatientCount", "type": "float", "description": null, "expression": null, "alias": null}, {"name": "PatientCount", "type": "float", "description": null, "expression": null, "alias": null}, {"name": "NewPatientCount", "type": "float", "description": null, "expression": null, "alias": null}, {"name": "ReturnPatientCount", "type": "float", "description": null, "expression": null, "alias": null}, {"name": "TotalCash", "type": "float", "description": null, "expression": null, "alias": null}, {"name": "TotalCheque", "type": "float", "description": null, "expression": null, "alias": null}, {"name": "TotalElectronic", "type": "float", "description": null, "expression": null, "alias": null}, {"name": "TotalCashPatientCount", "type": "float", "description": null, "expression": null, "alias": null}, {"name": "TotalChequePatientCount", "type": "float", "description": null, "expression": null, "alias": null}, {"name": "TotalElectronicPatientCount", "type": "float", "description": null, "expression": null, "alias": null}]" dimensions="46x20">
IDOrganisation,Address,State,District,lat,lng,TotalRevenue,TotalPaid,TotalPanel,TotalPaidPatientCount,TotalPanelPatientCount,PatientCount,NewPatientCount,ReturnPatientCount,TotalCash,TotalCheque,TotalElectronic,TotalCashPatientCount,TotalChequePatientCount,TotalElectronicPatientCount
Clinic A,"No 13, Jalan Tengku Ampuan Zabedah B 9/B, Seksyen 9, 40100 Shah Alam, Selangor, Malaysia",Selangor,Shah Alam,3.0817023,101.5274006,1824510.3,509037.45,1302486.8,77.0,13728.0,16026.0,6614.0,9412.0,99420.05,6082.96,408287.65,1488.0,43.0,4796.0
Clinic B,"No 19 GF, Jalan PJS 3/48, Sri Manja Square One, 46510 Petaling Jaya, Selangor, Malaysia",Selangor,Petaling Jaya,3.0732511,101.6482664,1472371.34,508163.27,963692.67,184.0,16831.0,18799.0,6551.0,12248.0,148875.03,673.0,359275.2,2822.0,5.0,5221.0
Clinic C,"No 33G & 33 (1st Floor), Jalan 2/1, Taman Seri Jaromas, Jenjarom, 42600, Selangor Darul Ehsan, Malaysia",Selangor,Kuala Langat,2.875081,101.5022764,2747409.05,1192063.75,1554307.3,239.0,32668.0,36978.0,13492.0,23486.0,547858.3,500.0,648619.45,8340.0,5.0,8680.0
Clinic D,"564 & 565, Ground Floor, Jalan Samudra Utara 1, Taman Samudra, 68100 Batu Caves, Selangor, Malaysia",Selangor,Batu Caves,3.2355383,101.6977572,3294471.8,1379643.95,1913597.05,136.0,35911.0,40205.0,19575.0,20630.0,409631.95,0.0,971837.95,5099.0,0.0,10464.0
Clinic E,"12-G, Jalan Prima SG 1, Prima Seri Gombak, 68100 Batu Caves, Selangor, Malaysia",Selangor,Batu Caves,3.2380872,101.6997531,1474027.65,593079.95,875076.75,87.0,15516.0,17496.0,9022.0,8474.0,154635.5,63.0,439157.45,2151.0,1.0,5024.0
</table>


</tables>

The following functions have already been provided. Please use them as needed and do not redefine them.
<function>
def execute_sql_query(sql_query: str) -> pd.DataFrame
    """This method connects to the database, executes the sql query and returns the dataframe"""
</function>



Update this initial code:
```python
# TODO: import the required dependencies
import pandas as pd

# Write code here

# Declare result var: 
type (possible values "string", "number", "dataframe", "plot"). Examples: { "type": "string", "value": f"The highest salary is {highest_salary}." } or { "type": "number", "value": 125 } or { "type": "dataframe", "value": pd.DataFrame({...}) } or { "type": "plot", "value": "temp_chart.png" }

```



### QUERY
 plot the histogram of clinic showing total revenue

At the end, declare "result" variable as a dictionary of type and value in the following format:

type (possible values "string", "number", "dataframe", "plot"). Examples: { "type": "string", "value": f"The highest salary is {highest_salary}." } or { "type": "number", "value": 125 } or { "type": "dataframe", "value": pd.DataFrame({...}) } or { "type": "plot", "value": "temp_chart.png" }



Generate python code and return full updated code:

### Note: Use only relevant table for query and do aggregation, sorting, joins and grouby through sql query
2025-11-28 20:40:14 [INFO] Code Generated:
import pandas as pd
from function import execute_sql_query

# Define the SQL query to plot the histogram of clinic showing total revenue
sql_query = """
    SELECT 
        TotalRevenue
    FROM 
        table_bd4f8d5ffa8239c09831e5b997bc2753
    GROUP BY 
        IDOrganisation
"""

# Execute the SQL query and get the result as a dataframe
result_df = execute_sql_query(sql_query)

# Plot the histogram of total revenue for each clinic
import matplotlib.pyplot as plt
plt.hist(result_df['TotalRevenue'], bins=50)
plt.xlabel('Total Revenue')
plt.ylabel('Frequency')
plt.title('Histogram of Total Revenue by Clinic')
plt.savefig('total_revenue_histogram.png')

# Declare the "result" variable as a dictionary
result = {
    "type": "plot",
    "value": "total_revenue_histogram.png"
}
2025-11-28 20:40:14 [INFO] Validating code requirements...
2025-11-28 20:40:14 [INFO] Code validation successful.
2025-11-28 20:40:14 [INFO] Cleaning the generated code...
2025-11-28 20:40:14 [INFO] Executing code: import pandas as pd
from function import execute_sql_query
sql_query = """
    SELECT 
        TotalRevenue
    FROM 
        table_bd4f8d5ffa8239c09831e5b997bc2753
    GROUP BY 
        IDOrganisation
"""
result_df = execute_sql_query(sql_query)
import matplotlib.pyplot as plt
plt.hist(result_df['TotalRevenue'], bins=50)
plt.xlabel('Total Revenue')
plt.ylabel('Frequency')
plt.title('Histogram of Total Revenue by Clinic')
plt.savefig('exports\\charts\\temp_chart_b608a9fe-bf59-4a74-8030-d8e52e0efba3.png')
result = {'type': 'plot', 'value': 'exports\\charts\\temp_chart_b608a9fe-bf59-4a74-8030-d8e52e0efba3.png'}
2025-11-28 20:40:15 [INFO] Retrying execution (1/3)...
2025-11-28 20:40:15 [INFO] Execution failed with error: Traceback (most recent call last):
  File "C:\Users\User\OneDrive\Desktop\FYP-Dynamic Dashboard using LLM\venv\Lib\site-packages\pandasai\core\code_execution\code_executor.py", line 29, in execute
    exec(code, self._environment)
  File "<string>", line 2, in <module>
ModuleNotFoundError: No module named 'function'

The above exception was the direct cause of the following exception:

Traceback (most recent call last):
  File "C:\Users\User\OneDrive\Desktop\FYP-Dynamic Dashboard using LLM\venv\Lib\site-packages\pandasai\agent\base.py", line 204, in execute_with_retries
    result = self.execute_code(code)
             ^^^^^^^^^^^^^^^^^^^^^^^
  File "C:\Users\User\OneDrive\Desktop\FYP-Dynamic Dashboard using LLM\venv\Lib\site-packages\pandasai\agent\base.py", line 135, in execute_code
    return code_executor.execute_and_return_result(code)
           ^^^^^^^^^^^^^^^^^^^^^^^^^^^^^^^^^^^^^^^^^^^^^
  File "C:\Users\User\OneDrive\Desktop\FYP-Dynamic Dashboard using LLM\venv\Lib\site-packages\pandasai\core\code_execution\code_executor.py", line 38, in execute_and_return_result
    self.execute(code)
  File "C:\Users\User\OneDrive\Desktop\FYP-Dynamic Dashboard using LLM\venv\Lib\site-packages\pandasai\core\code_execution\code_executor.py", line 31, in execute
    raise CodeExecutionError("Code execution failed") from e
pandasai.exceptions.CodeExecutionError: Code execution failed

2025-11-28 20:40:15 [INFO] Using Prompt: <table dialect="duckdb" table_name="table_bd4f8d5ffa8239c09831e5b997bc2753" columns="[{"name": "IDOrganisation", "type": "string", "description": null, "expression": null, "alias": null}, {"name": "Address", "type": "string", "description": null, "expression": null, "alias": null}, {"name": "State", "type": "string", "description": null, "expression": null, "alias": null}, {"name": "District", "type": "string", "description": null, "expression": null, "alias": null}, {"name": "lat", "type": "float", "description": null, "expression": null, "alias": null}, {"name": "lng", "type": "float", "description": null, "expression": null, "alias": null}, {"name": "TotalRevenue", "type": "float", "description": null, "expression": null, "alias": null}, {"name": "TotalPaid", "type": "float", "description": null, "expression": null, "alias": null}, {"name": "TotalPanel", "type": "float", "description": null, "expression": null, "alias": null}, {"name": "TotalPaidPatientCount", "type": "float", "description": null, "expression": null, "alias": null}, {"name": "TotalPanelPatientCount", "type": "float", "description": null, "expression": null, "alias": null}, {"name": "PatientCount", "type": "float", "description": null, "expression": null, "alias": null}, {"name": "NewPatientCount", "type": "float", "description": null, "expression": null, "alias": null}, {"name": "ReturnPatientCount", "type": "float", "description": null, "expression": null, "alias": null}, {"name": "TotalCash", "type": "float", "description": null, "expression": null, "alias": null}, {"name": "TotalCheque", "type": "float", "description": null, "expression": null, "alias": null}, {"name": "TotalElectronic", "type": "float", "description": null, "expression": null, "alias": null}, {"name": "TotalCashPatientCount", "type": "float", "description": null, "expression": null, "alias": null}, {"name": "TotalChequePatientCount", "type": "float", "description": null, "expression": null, "alias": null}, {"name": "TotalElectronicPatientCount", "type": "float", "description": null, "expression": null, "alias": null}]" dimensions="46x20">
IDOrganisation,Address,State,District,lat,lng,TotalRevenue,TotalPaid,TotalPanel,TotalPaidPatientCount,TotalPanelPatientCount,PatientCount,NewPatientCount,ReturnPatientCount,TotalCash,TotalCheque,TotalElectronic,TotalCashPatientCount,TotalChequePatientCount,TotalElectronicPatientCount
Clinic A,"No 13, Jalan Tengku Ampuan Zabedah B 9/B, Seksyen 9, 40100 Shah Alam, Selangor, Malaysia",Selangor,Shah Alam,3.0817023,101.5274006,1824510.3,509037.45,1302486.8,77.0,13728.0,16026.0,6614.0,9412.0,99420.05,6082.96,408287.65,1488.0,43.0,4796.0
Clinic B,"No 19 GF, Jalan PJS 3/48, Sri Manja Square One, 46510 Petaling Jaya, Selangor, Malaysia",Selangor,Petaling Jaya,3.0732511,101.6482664,1472371.34,508163.27,963692.67,184.0,16831.0,18799.0,6551.0,12248.0,148875.03,673.0,359275.2,2822.0,5.0,5221.0
Clinic C,"No 33G & 33 (1st Floor), Jalan 2/1, Taman Seri Jaromas, Jenjarom, 42600, Selangor Darul Ehsan, Malaysia",Selangor,Kuala Langat,2.875081,101.5022764,2747409.05,1192063.75,1554307.3,239.0,32668.0,36978.0,13492.0,23486.0,547858.3,500.0,648619.45,8340.0,5.0,8680.0
Clinic D,"564 & 565, Ground Floor, Jalan Samudra Utara 1, Taman Samudra, 68100 Batu Caves, Selangor, Malaysia",Selangor,Batu Caves,3.2355383,101.6977572,3294471.8,1379643.95,1913597.05,136.0,35911.0,40205.0,19575.0,20630.0,409631.95,0.0,971837.95,5099.0,0.0,10464.0
Clinic E,"12-G, Jalan Prima SG 1, Prima Seri Gombak, 68100 Batu Caves, Selangor, Malaysia",Selangor,Batu Caves,3.2380872,101.6997531,1474027.65,593079.95,875076.75,87.0,15516.0,17496.0,9022.0,8474.0,154635.5,63.0,439157.45,2151.0,1.0,5024.0
</table>


The following functions have already been provided. Please use them as needed and do not redefine them.
<function>
def execute_sql_query(sql_query: str) -> pd.DataFrame
    """This method connects to the database, executes the sql query and returns the dataframe"""
</function>


The user asked the following question:
### QUERY
 plot the histogram of clinic showing total revenue

You generated the following Python code:
import pandas as pd
from function import execute_sql_query
sql_query = """
    SELECT 
        TotalRevenue
    FROM 
        table_bd4f8d5ffa8239c09831e5b997bc2753
    GROUP BY 
        IDOrganisation
"""
result_df = execute_sql_query(sql_query)
import matplotlib.pyplot as plt
plt.hist(result_df['TotalRevenue'], bins=50)
plt.xlabel('Total Revenue')
plt.ylabel('Frequency')
plt.title('Histogram of Total Revenue by Clinic')
plt.savefig('exports\\charts\\temp_chart_b608a9fe-bf59-4a74-8030-d8e52e0efba3.png')
result = {'type': 'plot', 'value': 'exports\\charts\\temp_chart_b608a9fe-bf59-4a74-8030-d8e52e0efba3.png'}

However, it resulted in the following error:
Traceback (most recent call last):
  File "C:\Users\User\OneDrive\Desktop\FYP-Dynamic Dashboard using LLM\venv\Lib\site-packages\pandasai\core\code_execution\code_executor.py", line 29, in execute
    exec(code, self._environment)
  File "<string>", line 2, in <module>
ModuleNotFoundError: No module named 'function'

The above exception was the direct cause of the following exception:

Traceback (most recent call last):
  File "C:\Users\User\OneDrive\Desktop\FYP-Dynamic Dashboard using LLM\venv\Lib\site-packages\pandasai\agent\base.py", line 204, in execute_with_retries
    result = self.execute_code(code)
             ^^^^^^^^^^^^^^^^^^^^^^^
  File "C:\Users\User\OneDrive\Desktop\FYP-Dynamic Dashboard using LLM\venv\Lib\site-packages\pandasai\agent\base.py", line 135, in execute_code
    return code_executor.execute_and_return_result(code)
           ^^^^^^^^^^^^^^^^^^^^^^^^^^^^^^^^^^^^^^^^^^^^^
  File "C:\Users\User\OneDrive\Desktop\FYP-Dynamic Dashboard using LLM\venv\Lib\site-packages\pandasai\core\code_execution\code_executor.py", line 38, in execute_and_return_result
    self.execute(code)
  File "C:\Users\User\OneDrive\Desktop\FYP-Dynamic Dashboard using LLM\venv\Lib\site-packages\pandasai\core\code_execution\code_executor.py", line 31, in execute
    raise CodeExecutionError("Code execution failed") from e
pandasai.exceptions.CodeExecutionError: Code execution failed


Fix the python code above and return the new python code but the code generated should use execute_sql_query function
2025-11-28 20:40:32 [INFO] Code Generated:
Python
import pandas as pd
import matplotlib.pyplot as plt

result_df = execute_sql_query("""
    SELECT 
        TotalRevenue
    FROM 
        table_bd4f8d5ffa8239c09831e5b997bc2753
    GROUP BY 
        IDOrganisation
""")
plt.hist(result_df['TotalRevenue'], bins=50)
plt.xlabel('Total Revenue')
plt.ylabel('Frequency')
plt.title('Histogram of Total Revenue by Clinic')
plt.savefig('exports\\charts\\temp_chart_b608a9fe-bf59-4a74-8030-d8e52e0efba3.png')
result = {'type': 'plot', 'value': 'exports\\charts\\temp_chart_b608a9fe-bf59-4a74-8030-d8e52e0efba3.png'}
2025-11-28 20:40:32 [INFO] Validating code requirements...
2025-11-28 20:40:32 [INFO] Code validation successful.
2025-11-28 20:40:32 [INFO] Cleaning the generated code...
2025-11-28 20:40:32 [INFO] Executing code: Python
import pandas as pd
import matplotlib.pyplot as plt
result_df = execute_sql_query("""
    SELECT 
        TotalRevenue
    FROM 
        table_bd4f8d5ffa8239c09831e5b997bc2753
    GROUP BY 
        IDOrganisation
""")
plt.hist(result_df['TotalRevenue'], bins=50)
plt.xlabel('Total Revenue')
plt.ylabel('Frequency')
plt.title('Histogram of Total Revenue by Clinic')
plt.savefig('exports\\charts\\temp_chart_6b2de034-33d8-416e-8158-6e0cdca3909c.png')
result = {'type': 'plot', 'value': 'exports\\charts\\temp_chart_6b2de034-33d8-416e-8158-6e0cdca3909c.png'}
2025-11-28 20:40:32 [INFO] Retrying execution (2/3)...
2025-11-28 20:40:32 [INFO] Execution failed with error: Traceback (most recent call last):
  File "C:\Users\User\OneDrive\Desktop\FYP-Dynamic Dashboard using LLM\venv\Lib\site-packages\pandasai\core\code_execution\code_executor.py", line 29, in execute
    exec(code, self._environment)
  File "<string>", line 1, in <module>
NameError: name 'Python' is not defined

The above exception was the direct cause of the following exception:

Traceback (most recent call last):
  File "C:\Users\User\OneDrive\Desktop\FYP-Dynamic Dashboard using LLM\venv\Lib\site-packages\pandasai\agent\base.py", line 204, in execute_with_retries
    result = self.execute_code(code)
             ^^^^^^^^^^^^^^^^^^^^^^^
  File "C:\Users\User\OneDrive\Desktop\FYP-Dynamic Dashboard using LLM\venv\Lib\site-packages\pandasai\agent\base.py", line 135, in execute_code
    return code_executor.execute_and_return_result(code)
           ^^^^^^^^^^^^^^^^^^^^^^^^^^^^^^^^^^^^^^^^^^^^^
  File "C:\Users\User\OneDrive\Desktop\FYP-Dynamic Dashboard using LLM\venv\Lib\site-packages\pandasai\core\code_execution\code_executor.py", line 38, in execute_and_return_result
    self.execute(code)
  File "C:\Users\User\OneDrive\Desktop\FYP-Dynamic Dashboard using LLM\venv\Lib\site-packages\pandasai\core\code_execution\code_executor.py", line 31, in execute
    raise CodeExecutionError("Code execution failed") from e
pandasai.exceptions.CodeExecutionError: Code execution failed

2025-11-28 20:40:32 [INFO] Using Prompt: <table dialect="duckdb" table_name="table_bd4f8d5ffa8239c09831e5b997bc2753" columns="[{"name": "IDOrganisation", "type": "string", "description": null, "expression": null, "alias": null}, {"name": "Address", "type": "string", "description": null, "expression": null, "alias": null}, {"name": "State", "type": "string", "description": null, "expression": null, "alias": null}, {"name": "District", "type": "string", "description": null, "expression": null, "alias": null}, {"name": "lat", "type": "float", "description": null, "expression": null, "alias": null}, {"name": "lng", "type": "float", "description": null, "expression": null, "alias": null}, {"name": "TotalRevenue", "type": "float", "description": null, "expression": null, "alias": null}, {"name": "TotalPaid", "type": "float", "description": null, "expression": null, "alias": null}, {"name": "TotalPanel", "type": "float", "description": null, "expression": null, "alias": null}, {"name": "TotalPaidPatientCount", "type": "float", "description": null, "expression": null, "alias": null}, {"name": "TotalPanelPatientCount", "type": "float", "description": null, "expression": null, "alias": null}, {"name": "PatientCount", "type": "float", "description": null, "expression": null, "alias": null}, {"name": "NewPatientCount", "type": "float", "description": null, "expression": null, "alias": null}, {"name": "ReturnPatientCount", "type": "float", "description": null, "expression": null, "alias": null}, {"name": "TotalCash", "type": "float", "description": null, "expression": null, "alias": null}, {"name": "TotalCheque", "type": "float", "description": null, "expression": null, "alias": null}, {"name": "TotalElectronic", "type": "float", "description": null, "expression": null, "alias": null}, {"name": "TotalCashPatientCount", "type": "float", "description": null, "expression": null, "alias": null}, {"name": "TotalChequePatientCount", "type": "float", "description": null, "expression": null, "alias": null}, {"name": "TotalElectronicPatientCount", "type": "float", "description": null, "expression": null, "alias": null}]" dimensions="46x20">
IDOrganisation,Address,State,District,lat,lng,TotalRevenue,TotalPaid,TotalPanel,TotalPaidPatientCount,TotalPanelPatientCount,PatientCount,NewPatientCount,ReturnPatientCount,TotalCash,TotalCheque,TotalElectronic,TotalCashPatientCount,TotalChequePatientCount,TotalElectronicPatientCount
Clinic A,"No 13, Jalan Tengku Ampuan Zabedah B 9/B, Seksyen 9, 40100 Shah Alam, Selangor, Malaysia",Selangor,Shah Alam,3.0817023,101.5274006,1824510.3,509037.45,1302486.8,77.0,13728.0,16026.0,6614.0,9412.0,99420.05,6082.96,408287.65,1488.0,43.0,4796.0
Clinic B,"No 19 GF, Jalan PJS 3/48, Sri Manja Square One, 46510 Petaling Jaya, Selangor, Malaysia",Selangor,Petaling Jaya,3.0732511,101.6482664,1472371.34,508163.27,963692.67,184.0,16831.0,18799.0,6551.0,12248.0,148875.03,673.0,359275.2,2822.0,5.0,5221.0
Clinic C,"No 33G & 33 (1st Floor), Jalan 2/1, Taman Seri Jaromas, Jenjarom, 42600, Selangor Darul Ehsan, Malaysia",Selangor,Kuala Langat,2.875081,101.5022764,2747409.05,1192063.75,1554307.3,239.0,32668.0,36978.0,13492.0,23486.0,547858.3,500.0,648619.45,8340.0,5.0,8680.0
Clinic D,"564 & 565, Ground Floor, Jalan Samudra Utara 1, Taman Samudra, 68100 Batu Caves, Selangor, Malaysia",Selangor,Batu Caves,3.2355383,101.6977572,3294471.8,1379643.95,1913597.05,136.0,35911.0,40205.0,19575.0,20630.0,409631.95,0.0,971837.95,5099.0,0.0,10464.0
Clinic E,"12-G, Jalan Prima SG 1, Prima Seri Gombak, 68100 Batu Caves, Selangor, Malaysia",Selangor,Batu Caves,3.2380872,101.6997531,1474027.65,593079.95,875076.75,87.0,15516.0,17496.0,9022.0,8474.0,154635.5,63.0,439157.45,2151.0,1.0,5024.0
</table>


The following functions have already been provided. Please use them as needed and do not redefine them.
<function>
def execute_sql_query(sql_query: str) -> pd.DataFrame
    """This method connects to the database, executes the sql query and returns the dataframe"""
</function>


The user asked the following question:
### QUERY
 plot the histogram of clinic showing total revenue

You generated the following Python code:
Python
import pandas as pd
import matplotlib.pyplot as plt
result_df = execute_sql_query("""
    SELECT 
        TotalRevenue
    FROM 
        table_bd4f8d5ffa8239c09831e5b997bc2753
    GROUP BY 
        IDOrganisation
""")
plt.hist(result_df['TotalRevenue'], bins=50)
plt.xlabel('Total Revenue')
plt.ylabel('Frequency')
plt.title('Histogram of Total Revenue by Clinic')
plt.savefig('exports\\charts\\temp_chart_6b2de034-33d8-416e-8158-6e0cdca3909c.png')
result = {'type': 'plot', 'value': 'exports\\charts\\temp_chart_6b2de034-33d8-416e-8158-6e0cdca3909c.png'}

However, it resulted in the following error:
Traceback (most recent call last):
  File "C:\Users\User\OneDrive\Desktop\FYP-Dynamic Dashboard using LLM\venv\Lib\site-packages\pandasai\core\code_execution\code_executor.py", line 29, in execute
    exec(code, self._environment)
  File "<string>", line 1, in <module>
NameError: name 'Python' is not defined

The above exception was the direct cause of the following exception:

Traceback (most recent call last):
  File "C:\Users\User\OneDrive\Desktop\FYP-Dynamic Dashboard using LLM\venv\Lib\site-packages\pandasai\agent\base.py", line 204, in execute_with_retries
    result = self.execute_code(code)
             ^^^^^^^^^^^^^^^^^^^^^^^
  File "C:\Users\User\OneDrive\Desktop\FYP-Dynamic Dashboard using LLM\venv\Lib\site-packages\pandasai\agent\base.py", line 135, in execute_code
    return code_executor.execute_and_return_result(code)
           ^^^^^^^^^^^^^^^^^^^^^^^^^^^^^^^^^^^^^^^^^^^^^
  File "C:\Users\User\OneDrive\Desktop\FYP-Dynamic Dashboard using LLM\venv\Lib\site-packages\pandasai\core\code_execution\code_executor.py", line 38, in execute_and_return_result
    self.execute(code)
  File "C:\Users\User\OneDrive\Desktop\FYP-Dynamic Dashboard using LLM\venv\Lib\site-packages\pandasai\core\code_execution\code_executor.py", line 31, in execute
    raise CodeExecutionError("Code execution failed") from e
pandasai.exceptions.CodeExecutionError: Code execution failed


Fix the python code above and return the new python code but the code generated should use execute_sql_query function
2025-11-28 20:40:48 [INFO] Code Generated:
Python
import pandas as pd
import matplotlib.pyplot as plt

result_df = execute_sql_query("""
    SELECT 
        TotalRevenue
    FROM 
        table_bd4f8d5ffa8239c09831e5b997bc2753
""")
plt.hist(result_df['TotalRevenue'], bins=50)
plt.xlabel('Total Revenue')
plt.ylabel('Frequency')
plt.title('Histogram of Total Revenue by Clinic')
plt.savefig('exports\\charts\\temp_chart_6b2de034-33d8-416e-8158-6e0cdca3909c.png')
result = {'type': 'plot', 'value': 'exports\\charts\\temp_chart_6b2de034-33d8-416e-8158-6e0cdca3909c.png'}
2025-11-28 20:40:48 [INFO] Validating code requirements...
2025-11-28 20:40:48 [INFO] Code validation successful.
2025-11-28 20:40:48 [INFO] Cleaning the generated code...
2025-11-28 20:40:48 [INFO] Executing code: Python
import pandas as pd
import matplotlib.pyplot as plt
result_df = execute_sql_query("""
    SELECT 
        TotalRevenue
    FROM 
        table_bd4f8d5ffa8239c09831e5b997bc2753
""")
plt.hist(result_df['TotalRevenue'], bins=50)
plt.xlabel('Total Revenue')
plt.ylabel('Frequency')
plt.title('Histogram of Total Revenue by Clinic')
plt.savefig('exports\\charts\\temp_chart_b86adabb-3186-4bbb-a28b-7e50ea549dee.png')
result = {'type': 'plot', 'value': 'exports\\charts\\temp_chart_b86adabb-3186-4bbb-a28b-7e50ea549dee.png'}
2025-11-28 20:40:48 [INFO] Retrying execution (3/3)...
2025-11-28 20:40:48 [INFO] Execution failed with error: Traceback (most recent call last):
  File "C:\Users\User\OneDrive\Desktop\FYP-Dynamic Dashboard using LLM\venv\Lib\site-packages\pandasai\core\code_execution\code_executor.py", line 29, in execute
    exec(code, self._environment)
  File "<string>", line 1, in <module>
NameError: name 'Python' is not defined

The above exception was the direct cause of the following exception:

Traceback (most recent call last):
  File "C:\Users\User\OneDrive\Desktop\FYP-Dynamic Dashboard using LLM\venv\Lib\site-packages\pandasai\agent\base.py", line 204, in execute_with_retries
    result = self.execute_code(code)
             ^^^^^^^^^^^^^^^^^^^^^^^
  File "C:\Users\User\OneDrive\Desktop\FYP-Dynamic Dashboard using LLM\venv\Lib\site-packages\pandasai\agent\base.py", line 135, in execute_code
    return code_executor.execute_and_return_result(code)
           ^^^^^^^^^^^^^^^^^^^^^^^^^^^^^^^^^^^^^^^^^^^^^
  File "C:\Users\User\OneDrive\Desktop\FYP-Dynamic Dashboard using LLM\venv\Lib\site-packages\pandasai\core\code_execution\code_executor.py", line 38, in execute_and_return_result
    self.execute(code)
  File "C:\Users\User\OneDrive\Desktop\FYP-Dynamic Dashboard using LLM\venv\Lib\site-packages\pandasai\core\code_execution\code_executor.py", line 31, in execute
    raise CodeExecutionError("Code execution failed") from e
pandasai.exceptions.CodeExecutionError: Code execution failed

2025-11-28 20:40:48 [INFO] Using Prompt: <table dialect="duckdb" table_name="table_bd4f8d5ffa8239c09831e5b997bc2753" columns="[{"name": "IDOrganisation", "type": "string", "description": null, "expression": null, "alias": null}, {"name": "Address", "type": "string", "description": null, "expression": null, "alias": null}, {"name": "State", "type": "string", "description": null, "expression": null, "alias": null}, {"name": "District", "type": "string", "description": null, "expression": null, "alias": null}, {"name": "lat", "type": "float", "description": null, "expression": null, "alias": null}, {"name": "lng", "type": "float", "description": null, "expression": null, "alias": null}, {"name": "TotalRevenue", "type": "float", "description": null, "expression": null, "alias": null}, {"name": "TotalPaid", "type": "float", "description": null, "expression": null, "alias": null}, {"name": "TotalPanel", "type": "float", "description": null, "expression": null, "alias": null}, {"name": "TotalPaidPatientCount", "type": "float", "description": null, "expression": null, "alias": null}, {"name": "TotalPanelPatientCount", "type": "float", "description": null, "expression": null, "alias": null}, {"name": "PatientCount", "type": "float", "description": null, "expression": null, "alias": null}, {"name": "NewPatientCount", "type": "float", "description": null, "expression": null, "alias": null}, {"name": "ReturnPatientCount", "type": "float", "description": null, "expression": null, "alias": null}, {"name": "TotalCash", "type": "float", "description": null, "expression": null, "alias": null}, {"name": "TotalCheque", "type": "float", "description": null, "expression": null, "alias": null}, {"name": "TotalElectronic", "type": "float", "description": null, "expression": null, "alias": null}, {"name": "TotalCashPatientCount", "type": "float", "description": null, "expression": null, "alias": null}, {"name": "TotalChequePatientCount", "type": "float", "description": null, "expression": null, "alias": null}, {"name": "TotalElectronicPatientCount", "type": "float", "description": null, "expression": null, "alias": null}]" dimensions="46x20">
IDOrganisation,Address,State,District,lat,lng,TotalRevenue,TotalPaid,TotalPanel,TotalPaidPatientCount,TotalPanelPatientCount,PatientCount,NewPatientCount,ReturnPatientCount,TotalCash,TotalCheque,TotalElectronic,TotalCashPatientCount,TotalChequePatientCount,TotalElectronicPatientCount
Clinic A,"No 13, Jalan Tengku Ampuan Zabedah B 9/B, Seksyen 9, 40100 Shah Alam, Selangor, Malaysia",Selangor,Shah Alam,3.0817023,101.5274006,1824510.3,509037.45,1302486.8,77.0,13728.0,16026.0,6614.0,9412.0,99420.05,6082.96,408287.65,1488.0,43.0,4796.0
Clinic B,"No 19 GF, Jalan PJS 3/48, Sri Manja Square One, 46510 Petaling Jaya, Selangor, Malaysia",Selangor,Petaling Jaya,3.0732511,101.6482664,1472371.34,508163.27,963692.67,184.0,16831.0,18799.0,6551.0,12248.0,148875.03,673.0,359275.2,2822.0,5.0,5221.0
Clinic C,"No 33G & 33 (1st Floor), Jalan 2/1, Taman Seri Jaromas, Jenjarom, 42600, Selangor Darul Ehsan, Malaysia",Selangor,Kuala Langat,2.875081,101.5022764,2747409.05,1192063.75,1554307.3,239.0,32668.0,36978.0,13492.0,23486.0,547858.3,500.0,648619.45,8340.0,5.0,8680.0
Clinic D,"564 & 565, Ground Floor, Jalan Samudra Utara 1, Taman Samudra, 68100 Batu Caves, Selangor, Malaysia",Selangor,Batu Caves,3.2355383,101.6977572,3294471.8,1379643.95,1913597.05,136.0,35911.0,40205.0,19575.0,20630.0,409631.95,0.0,971837.95,5099.0,0.0,10464.0
Clinic E,"12-G, Jalan Prima SG 1, Prima Seri Gombak, 68100 Batu Caves, Selangor, Malaysia",Selangor,Batu Caves,3.2380872,101.6997531,1474027.65,593079.95,875076.75,87.0,15516.0,17496.0,9022.0,8474.0,154635.5,63.0,439157.45,2151.0,1.0,5024.0
</table>


The following functions have already been provided. Please use them as needed and do not redefine them.
<function>
def execute_sql_query(sql_query: str) -> pd.DataFrame
    """This method connects to the database, executes the sql query and returns the dataframe"""
</function>


The user asked the following question:
### QUERY
 plot the histogram of clinic showing total revenue

You generated the following Python code:
Python
import pandas as pd
import matplotlib.pyplot as plt
result_df = execute_sql_query("""
    SELECT 
        TotalRevenue
    FROM 
        table_bd4f8d5ffa8239c09831e5b997bc2753
""")
plt.hist(result_df['TotalRevenue'], bins=50)
plt.xlabel('Total Revenue')
plt.ylabel('Frequency')
plt.title('Histogram of Total Revenue by Clinic')
plt.savefig('exports\\charts\\temp_chart_b86adabb-3186-4bbb-a28b-7e50ea549dee.png')
result = {'type': 'plot', 'value': 'exports\\charts\\temp_chart_b86adabb-3186-4bbb-a28b-7e50ea549dee.png'}

However, it resulted in the following error:
Traceback (most recent call last):
  File "C:\Users\User\OneDrive\Desktop\FYP-Dynamic Dashboard using LLM\venv\Lib\site-packages\pandasai\core\code_execution\code_executor.py", line 29, in execute
    exec(code, self._environment)
  File "<string>", line 1, in <module>
NameError: name 'Python' is not defined

The above exception was the direct cause of the following exception:

Traceback (most recent call last):
  File "C:\Users\User\OneDrive\Desktop\FYP-Dynamic Dashboard using LLM\venv\Lib\site-packages\pandasai\agent\base.py", line 204, in execute_with_retries
    result = self.execute_code(code)
             ^^^^^^^^^^^^^^^^^^^^^^^
  File "C:\Users\User\OneDrive\Desktop\FYP-Dynamic Dashboard using LLM\venv\Lib\site-packages\pandasai\agent\base.py", line 135, in execute_code
    return code_executor.execute_and_return_result(code)
           ^^^^^^^^^^^^^^^^^^^^^^^^^^^^^^^^^^^^^^^^^^^^^
  File "C:\Users\User\OneDrive\Desktop\FYP-Dynamic Dashboard using LLM\venv\Lib\site-packages\pandasai\core\code_execution\code_executor.py", line 38, in execute_and_return_result
    self.execute(code)
  File "C:\Users\User\OneDrive\Desktop\FYP-Dynamic Dashboard using LLM\venv\Lib\site-packages\pandasai\core\code_execution\code_executor.py", line 31, in execute
    raise CodeExecutionError("Code execution failed") from e
pandasai.exceptions.CodeExecutionError: Code execution failed


Fix the python code above and return the new python code but the code generated should use execute_sql_query function
2025-11-28 20:41:01 [INFO] Code Generated:
import pandas as pd
import matplotlib.pyplot as plt

result_df = execute_sql_query("""
    SELECT 
        TotalRevenue
    FROM 
        table_bd4f8d5ffa8239c09831e5b997bc2753
""")

plt.hist(result_df['TotalRevenue'], bins=50)
plt.xlabel('Total Revenue')
plt.ylabel('Frequency')
plt.title('Histogram of Total Revenue by Clinic')
plt.savefig('exports\\charts\\temp_chart_b86adabb-3186-4bbb-a28b-7e50ea549dee.png')

result = {'type': 'plot', 'value': 'exports\\charts\\temp_chart_b86adabb-3186-4bbb-a28b-7e50ea549dee.png'}
2025-11-28 20:41:01 [INFO] Validating code requirements...
2025-11-28 20:41:01 [INFO] Code validation successful.
2025-11-28 20:41:01 [INFO] Cleaning the generated code...
2025-11-28 20:41:01 [INFO] Executing code: import pandas as pd
import matplotlib.pyplot as plt
result_df = execute_sql_query("""
    SELECT 
        TotalRevenue
    FROM 
        table_bd4f8d5ffa8239c09831e5b997bc2753
""")
plt.hist(result_df['TotalRevenue'], bins=50)
plt.xlabel('Total Revenue')
plt.ylabel('Frequency')
plt.title('Histogram of Total Revenue by Clinic')
plt.savefig('exports\\charts\\temp_chart_11055228-45e6-4983-b594-b26350869681.png')
result = {'type': 'plot', 'value': 'exports\\charts\\temp_chart_11055228-45e6-4983-b594-b26350869681.png'}
2025-11-28 20:41:02 [INFO] Response generated successfully.
